\BOOKMARK [0][-]{figure.caption.1}{\376\377\000D\000A\000F\000T\000A\000R\000\040\000G\000A\000M\000B\000A\000R}{}% 1
\BOOKMARK [0][-]{figure.caption.1}{\376\377\000D\000A\000F\000T\000A\000R\000\040\000T\000A\000B\000E\000L}{}% 2
\BOOKMARK [0][-]{chapter.1}{\376\377\000P\000E\000N\000D\000A\000H\000U\000L\000U\000A\000N}{}% 3
\BOOKMARK [1][-]{section.1.1}{\376\377\000L\000a\000t\000a\000r\000\040\000B\000e\000l\000a\000k\000a\000n\000g}{chapter.1}% 4
\BOOKMARK [1][-]{section.1.2}{\376\377\000R\000u\000m\000u\000s\000a\000n\000\040\000M\000a\000s\000a\000l\000a\000h}{chapter.1}% 5
\BOOKMARK [1][-]{section.1.3}{\376\377\000T\000u\000j\000u\000a\000n}{chapter.1}% 6
\BOOKMARK [1][-]{section.1.4}{\376\377\000B\000a\000t\000a\000s\000a\000n\000\040\000M\000a\000s\000a\000l\000a\000h}{chapter.1}% 7
\BOOKMARK [1][-]{section.1.5}{\376\377\000M\000e\000t\000o\000d\000o\000l\000o\000g\000i}{chapter.1}% 8
\BOOKMARK [0][-]{chapter.2}{\376\377\000S\000T\000U\000D\000I\000\040\000L\000I\000T\000E\000R\000A\000T\000U\000R}{}% 9
\BOOKMARK [1][-]{section.2.1}{\376\377\000T\000r\000a\000n\000s\000p\000a\000r\000a\000n\000s\000i\000\040\000P\000a\000r\000l\000e\000m\000e\000n}{chapter.2}% 10
\BOOKMARK [2][-]{subsection.2.1.1}{\376\377\000T\000r\000a\000n\000s\000p\000a\000r\000a\000n\000s\000i\000\040\000P\000r\000o\000s\000e\000d\000u\000r}{section.2.1}% 11
\BOOKMARK [2][-]{subsection.2.1.2}{\376\377\000T\000r\000a\000n\000s\000p\000a\000r\000a\000n\000s\000i\000\040\000K\000i\000n\000e\000r\000j\000a}{section.2.1}% 12
\BOOKMARK [2][-]{subsection.2.1.3}{\376\377\000T\000r\000a\000n\000s\000p\000a\000r\000a\000n\000s\000i\000\040\000P\000e\000r\000i\000l\000a\000k\000u}{section.2.1}% 13
\BOOKMARK [1][-]{section.2.2}{\376\377\000T\000r\000a\000n\000s\000p\000a\000r\000a\000n\000s\000i\000\040\000P\000a\000r\000l\000e\000m\000e\000n\000\040\000D\000i\000g\000i\000t\000a\000l}{chapter.2}% 14
\BOOKMARK [2][-]{subsection.2.2.1}{\376\377\000O\000p\000e\000n\000\040\000G\000o\000v\000e\000r\000n\000m\000e\000n\000t\000\040\000D\000a\000t\000a\000\040\000\050\000O\000G\000D\000\051\000\040\000d\000a\000l\000a\000m\000\040\000K\000o\000n\000t\000e\000k\000s\000\040\000L\000e\000g\000i\000s\000l\000a\000t\000i\000f}{section.2.2}% 15
\BOOKMARK [2][-]{subsection.2.2.2}{\376\377\000T\000e\000k\000n\000o\000l\000o\000g\000i\000\040\000S\000i\000p\000i\000l\000\040\000C\000i\000v\000i\000c\000\040\000T\000e\000c\000h\000\040\000d\000a\000n\000\040\000P\000e\000m\000a\000n\000t\000a\000u\000a\000n\000\040\000P\000a\000r\000l\000e\000m\000e\000n}{section.2.2}% 16
\BOOKMARK [2][-]{subsection.2.2.3}{\376\377\000P\000a\000r\000t\000i\000s\000i\000p\000a\000s\000i\000\040\000D\000i\000g\000i\000t\000a\000l\000\040\000P\000u\000b\000l\000i\000k\000\040\000d\000a\000l\000a\000m\000\040\000P\000e\000n\000g\000a\000w\000a\000s\000a\000n\000\040\000L\000e\000g\000i\000s\000l\000a\000t\000i\000f}{section.2.2}% 17
\BOOKMARK [1][-]{section.2.3}{\376\377\000U\000r\000g\000e\000n\000s\000i\000\040\000T\000r\000a\000n\000s\000p\000a\000r\000a\000n\000s\000i\000\040\000P\000a\000r\000l\000e\000m\000e\000n\000\040\000D\000i\000g\000i\000t\000a\000l}{chapter.2}% 18
\BOOKMARK [2][-]{subsection.2.3.1}{\376\377\000H\000u\000b\000u\000n\000g\000a\000n\000\040\000T\000r\000a\000n\000s\000p\000a\000r\000a\000n\000s\000i\000\040\000D\000i\000g\000i\000t\000a\000l\000\040\000d\000e\000n\000g\000a\000n\000\040\000K\000e\000p\000e\000r\000c\000a\000y\000a\000a\000n\000\040\000P\000u\000b\000l\000i\000k\000\040\000d\000a\000n\000\040\000L\000e\000g\000i\000t\000i\000m\000a\000s\000i}{section.2.3}% 19
\BOOKMARK [2][-]{subsection.2.3.2}{\376\377\000K\000e\000b\000u\000t\000u\000h\000a\000n\000\040\000D\000a\000t\000a\000\040\000T\000e\000r\000s\000t\000r\000u\000k\000t\000u\000r\000\040\000u\000n\000t\000u\000k\000\040\000P\000e\000n\000g\000a\000w\000a\000s\000a\000n\000\040\000B\000e\000r\000k\000e\000l\000a\000n\000j\000u\000t\000a\000n}{section.2.3}% 20
\BOOKMARK [1][-]{section.2.4}{\376\377\000P\000e\000n\000d\000e\000k\000a\000t\000a\000n\000\040\000T\000e\000k\000n\000i\000s\000\040\000G\000l\000o\000b\000a\000l\000\040\000d\000a\000l\000a\000m\000\040\000P\000e\000m\000a\000n\000t\000a\000u\000a\000n\000\040\000K\000i\000n\000e\000r\000j\000a\000\040\000L\000e\000g\000i\000s\000l\000a\000t\000i\000f}{chapter.2}% 21
\BOOKMARK [2][-]{subsection.2.4.1}{\376\377\000S\000t\000u\000d\000i\000\040\000d\000a\000n\000\040\000P\000r\000a\000k\000t\000i\000k\000\040\000d\000i\000\040\000E\000r\000o\000p\000a}{section.2.4}% 22
\BOOKMARK [2][-]{subsection.2.4.2}{\376\377\000S\000t\000u\000d\000i\000\040\000d\000a\000n\000\040\000P\000r\000a\000k\000t\000i\000k\000\040\000d\000i\000\040\000A\000m\000e\000r\000i\000k\000a\000\040\000U\000t\000a\000r\000a}{section.2.4}% 23
\BOOKMARK [1][-]{section.2.5}{\376\377\000S\000t\000u\000d\000i\000\040\000d\000a\000n\000\040\000P\000r\000a\000k\000t\000i\000k\000\040\000T\000r\000a\000n\000s\000p\000a\000r\000a\000n\000s\000i\000\040\000P\000a\000r\000l\000e\000m\000e\000n\000\040\000d\000i\000\040\000I\000n\000d\000o\000n\000e\000s\000i\000a}{chapter.2}% 24
\BOOKMARK [2][-]{subsection.2.5.1}{\376\377\000T\000r\000a\000n\000s\000p\000a\000r\000a\000n\000s\000i\000\040\000K\000e\000l\000e\000m\000b\000a\000g\000a\000a\000n\000\040\000D\000P\000R\000\040\000R\000I}{section.2.5}% 25
\BOOKMARK [2][-]{subsection.2.5.2}{\376\377\000I\000n\000i\000s\000i\000a\000t\000i\000f\000\040\000C\000i\000v\000i\000c\000\040\000T\000e\000c\000h\000:\000\040\000S\000t\000u\000d\000i\000\040\000K\000a\000s\000u\000s\000\040\000J\000a\000r\000i\000U\000n\000g\000u}{section.2.5}% 26
\BOOKMARK [1][-]{section.2.6}{\376\377\000T\000a\000n\000t\000a\000n\000g\000a\000n\000\040\000T\000e\000k\000n\000i\000s\000\040\000d\000a\000l\000a\000m\000\040\000P\000e\000m\000r\000o\000s\000e\000s\000a\000n\000\040\000D\000a\000t\000a\000\040\000L\000e\000g\000i\000s\000l\000a\000t\000i\000f\000\040\000I\000n\000d\000o\000n\000e\000s\000i\000a}{chapter.2}% 27
\BOOKMARK [1][-]{section.2.7}{\376\377\000P\000e\000n\000d\000e\000k\000a\000t\000a\000n\000\040\000T\000e\000k\000n\000i\000s\000\040\000S\000i\000s\000t\000e\000m\000\040\000L\000e\000g\000i\000s\000l\000a\000t\000i\000v\000e\000\040\000A\000c\000t\000i\000v\000i\000t\000y\000\040\000T\000r\000a\000c\000k\000e\000r}{chapter.2}% 28
\BOOKMARK [2][-]{subsection.2.7.1}{\376\377\000P\000e\000m\000r\000o\000s\000e\000s\000a\000n\000\040\000B\000a\000h\000a\000s\000a\000\040\000A\000l\000a\000m\000i\000\040\000N\000a\000t\000u\000r\000a\000l\000\040\000L\000a\000n\000g\000u\000a\000g\000e\000\040\000P\000r\000o\000c\000e\000s\000s\000i\000n\000g\000\040\000\050\000N\000L\000P\000\051}{section.2.7}% 29
\BOOKMARK [3][-]{subsubsection.2.7.1.1}{\376\377\000A\000r\000s\000i\000t\000e\000k\000t\000u\000r\000\040\000M\000o\000d\000e\000l\000\040\000N\000e\000u\000r\000a\000l\000\040\000u\000n\000t\000u\000k\000\040\000P\000e\000m\000r\000o\000s\000e\000s\000a\000n\000\040\000T\000e\000k\000s\000:\000\040\000B\000E\000R\000T\000\040\000d\000a\000n\000\040\000C\000o\000l\000B\000E\000R\000T}{subsection.2.7.1}% 30
\BOOKMARK [3][-]{subsubsection.2.7.1.2}{\376\377\000M\000o\000d\000e\000l\000\040\000B\000a\000h\000a\000s\000a\000\040\000d\000a\000n\000\040\000S\000u\000m\000b\000e\000r\000\040\000D\000a\000y\000a\000\040\000L\000i\000n\000g\000u\000i\000s\000t\000i\000k\000\040\000I\000n\000d\000o\000n\000e\000s\000i\000a}{subsection.2.7.1}% 31
\BOOKMARK [3][-]{subsubsection.2.7.1.3}{\376\377\000M\000e\000t\000o\000d\000o\000l\000o\000g\000i\000\040\000P\000e\000n\000g\000e\000n\000a\000l\000a\000n\000\040\000E\000n\000t\000i\000t\000a\000s\000\040\000B\000e\000r\000n\000a\000m\000a\000\040\000N\000a\000m\000e\000d\000\040\000E\000n\000t\000i\000t\000y\000\040\000R\000e\000c\000o\000g\000n\000i\000t\000i\000o\000n}{subsection.2.7.1}% 32
\BOOKMARK [3][-]{subsubsection.2.7.1.4}{\376\377\000I\000n\000f\000o\000r\000m\000a\000t\000i\000o\000n\000\040\000E\000x\000t\000r\000a\000c\000t\000i\000o\000n}{subsection.2.7.1}% 33
\BOOKMARK [3][-]{subsubsection.2.7.1.5}{\376\377\000I\000n\000f\000o\000r\000m\000a\000t\000i\000o\000n\000\040\000R\000e\000t\000r\000i\000e\000v\000a\000l}{subsection.2.7.1}% 34
\BOOKMARK [2][-]{subsection.2.7.2}{\376\377\000A\000k\000u\000i\000s\000i\000s\000i\000\040\000D\000a\000t\000a\000\040\000W\000e\000b\000\040\000d\000a\000n\000\040\000C\000r\000a\000w\000l\000i\000n\000g\000\040\000T\000e\000r\000f\000o\000k\000u\000s}{section.2.7}% 35
\BOOKMARK [3][-]{subsubsection.2.7.2.1}{\376\377\000F\000o\000c\000u\000s\000e\000d\000\040\000C\000r\000a\000w\000l\000i\000n\000g}{subsection.2.7.2}% 36
\BOOKMARK [2][-]{subsection.2.7.3}{\376\377\000P\000r\000a\000\040\000p\000e\000m\000r\000o\000s\000e\000s\000a\000n\000\040\000D\000o\000k\000u\000m\000e\000n\000\040\000d\000a\000n\000\040\000A\000n\000a\000l\000i\000s\000i\000s\000\040\000T\000a\000t\000a\000\040\000L\000e\000t\000a\000k\000\040\000\050\000L\000a\000y\000o\000u\000t\000\040\000A\000n\000a\000l\000y\000s\000i\000s\000\051}{section.2.7}% 37
\BOOKMARK [3][-]{subsubsection.2.7.3.1}{\376\377\000O\000p\000t\000i\000c\000a\000l\000\040\000C\000h\000a\000r\000a\000c\000t\000e\000r\000\040\000R\000e\000c\000o\000g\000n\000i\000t\000i\000o\000n\000\040\000\050\000O\000C\000R\000\051}{subsection.2.7.3}% 38
\BOOKMARK [2][-]{subsection.2.7.4}{\376\377\000E\000v\000e\000n\000t\000\040\000L\000o\000g}{section.2.7}% 39
\BOOKMARK [2][-]{subsection.2.7.5}{\376\377\000P\000e\000n\000a\000u\000t\000a\000n\000\040\000S\000e\000m\000a\000n\000t\000i\000k\000\040\000\050\000S\000e\000m\000a\000n\000t\000i\000c\000\040\000L\000i\000n\000k\000i\000n\000g\000\051}{section.2.7}% 40
\BOOKMARK [1][-]{section.2.8}{\376\377\000A\000n\000a\000l\000y\000t\000i\000c\000\040\000H\000i\000e\000r\000a\000r\000c\000h\000y\000\040\000P\000r\000o\000c\000e\000s\000s\000\040\000\050\000A\000H\000P\000\051}{chapter.2}% 41
\BOOKMARK [2][-]{subsection.2.8.1}{\376\377\000S\000k\000a\000l\000a\000\040\000S\000a\000a\000t\000y\000\040\000d\000a\000l\000a\000m\000\040\000P\000e\000r\000b\000a\000n\000d\000i\000n\000g\000a\000n\000\040\000B\000e\000r\000p\000a\000s\000a\000n\000g\000a\000n}{section.2.8}% 42
\BOOKMARK [0][-]{chapter.3}{\376\377\000A\000N\000A\000L\000I\000S\000I\000S\000\040\000M\000A\000S\000A\000L\000A\000H}{}% 43
\BOOKMARK [1][-]{section.3.1}{\376\377\000A\000n\000a\000l\000i\000s\000i\000s\000\040\000K\000o\000n\000d\000i\000s\000i\000\040\000S\000a\000a\000t\000\040\000I\000n\000i}{chapter.3}% 44
\BOOKMARK [2][-]{subsection.3.1.1}{\376\377\000A\000n\000a\000l\000i\000s\000i\000s\000\040\000P\000e\000r\000m\000a\000s\000a\000l\000a\000h\000a\000n}{section.3.1}% 45
\BOOKMARK [2][-]{subsection.3.1.2}{\376\377\000A\000n\000a\000l\000i\000s\000i\000s\000\040\000P\000e\000l\000u\000a\000n\000g}{section.3.1}% 46
\BOOKMARK [1][-]{section.3.2}{\376\377\000A\000n\000a\000l\000i\000s\000i\000s\000\040\000K\000e\000b\000u\000t\000u\000h\000a\000n}{chapter.3}% 47
\BOOKMARK [2][-]{subsection.3.2.1}{\376\377\000I\000d\000e\000n\000t\000i\000f\000i\000k\000a\000s\000i\000\040\000M\000a\000s\000a\000l\000a\000h\000\040\000P\000e\000n\000g\000g\000u\000n\000a}{section.3.2}% 48
\BOOKMARK [2][-]{subsection.3.2.2}{\376\377\000K\000e\000b\000u\000t\000u\000h\000a\000n\000\040\000F\000u\000n\000g\000s\000i\000o\000n\000a\000l}{section.3.2}% 49
\BOOKMARK [2][-]{subsection.3.2.3}{\376\377\000K\000e\000b\000u\000t\000u\000h\000a\000n\000\040\000N\000o\000n\000f\000u\000n\000g\000s\000i\000o\000n\000a\000l}{section.3.2}% 50
\BOOKMARK [1][-]{section.3.3}{\376\377\000A\000n\000a\000l\000i\000s\000i\000s\000\040\000P\000e\000m\000i\000l\000i\000h\000a\000n\000\040\000S\000o\000l\000u\000s\000i}{chapter.3}% 51
\BOOKMARK [2][-]{subsection.3.3.1}{\376\377\000A\000l\000t\000e\000r\000n\000a\000t\000i\000f\000\040\000S\000o\000l\000u\000s\000i}{section.3.3}% 52
\BOOKMARK [2][-]{subsection.3.3.2}{\376\377\000A\000n\000a\000l\000i\000s\000i\000s\000\040\000P\000e\000n\000e\000n\000t\000u\000a\000n\000\040\000S\000o\000l\000u\000s\000i}{section.3.3}% 53
\BOOKMARK [0][-]{chapter.4}{\376\377\000D\000E\000S\000A\000I\000N\000\040\000K\000O\000N\000S\000E\000P\000\040\000S\000O\000L\000U\000S\000I}{}% 54
\BOOKMARK [1][-]{section.4.1}{\376\377\000D\000i\000a\000g\000r\000a\000m\000\040\000K\000o\000n\000s\000e\000p\000t\000u\000a\000l}{chapter.4}% 55
\BOOKMARK [2][-]{subsection.4.1.1}{\376\377\000K\000o\000n\000d\000i\000s\000i\000\040\000S\000i\000s\000t\000e\000m\000\040\000\050\000A\000s\000-\000I\000s\000\051}{section.4.1}% 56
\BOOKMARK [2][-]{subsection.4.1.2}{\376\377\000K\000o\000n\000d\000i\000s\000i\000\040\000S\000i\000s\000t\000e\000m\000\040\000L\000e\000g\000i\000s\000l\000a\000t\000i\000v\000e\000\040\000A\000c\000t\000i\000v\000i\000t\000y\000\040\000T\000r\000a\000c\000k\000e\000r}{section.4.1}% 57
\BOOKMARK [2][-]{subsection.4.1.3}{\376\377\000P\000e\000r\000b\000a\000n\000d\000i\000n\000g\000a\000n\000\040\000S\000i\000s\000t\000e\000m\000\040\000A\000s\000-\000I\000s\000\040\000d\000a\000n\000\040\000S\000i\000s\000t\000e\000m\000\040\000L\000e\000g\000i\000s\000l\000a\000t\000i\000v\000e\000\040\000A\000c\000t\000i\000v\000i\000t\000y\000\040\000T\000r\000a\000c\000k\000e\000r}{section.4.1}% 58
\BOOKMARK [2][-]{subsection.4.1.4}{\376\377\000D\000i\000a\000g\000r\000a\000m\000\040\000A\000r\000s\000i\000t\000e\000k\000t\000u\000r\000\040\000T\000i\000n\000g\000k\000a\000t\000\040\000T\000i\000n\000g\000g\000i\000\040\000\050\000H\000i\000g\000h\000-\000L\000e\000v\000e\000l\000\040\000A\000r\000c\000h\000i\000t\000e\000c\000t\000u\000r\000e\000\051}{section.4.1}% 59
\BOOKMARK [0][-]{chapter.5}{\376\377\000R\000E\000N\000C\000A\000N\000A\000\040\000S\000E\000L\000A\000N\000J\000U\000T\000N\000Y\000A}{}% 60
\BOOKMARK [1][-]{section.5.1}{\376\377\000R\000e\000n\000c\000a\000n\000a\000\040\000I\000m\000p\000l\000e\000m\000e\000n\000t\000a\000s\000i}{chapter.5}% 61
\BOOKMARK [2][-]{subsection.5.1.1}{\376\377\000L\000a\000n\000g\000k\000a\000h\000-\000L\000a\000n\000g\000k\000a\000h\000\040\000I\000m\000p\000l\000e\000m\000e\000n\000t\000a\000s\000i}{section.5.1}% 62
\BOOKMARK [2][-]{subsection.5.1.2}{\376\377\000K\000e\000b\000u\000t\000u\000h\000a\000n\000\040\000A\000l\000a\000t\000\040\000d\000a\000n\000\040\000L\000i\000n\000g\000k\000u\000n\000g\000a\000n\000\040\000P\000e\000n\000g\000e\000m\000b\000a\000n\000g\000a\000n}{section.5.1}% 63
\BOOKMARK [1][-]{section.5.2}{\376\377\000R\000e\000n\000c\000a\000n\000a\000\040\000E\000v\000a\000l\000u\000a\000s\000i}{chapter.5}% 64
\BOOKMARK [2][-]{subsection.5.2.1}{\376\377\000M\000e\000t\000o\000d\000e\000\040\000P\000e\000n\000g\000u\000j\000i\000a\000n}{section.5.2}% 65
\BOOKMARK [2][-]{subsection.5.2.2}{\376\377\000I\000n\000d\000i\000k\000a\000t\000o\000r\000\040\000K\000e\000b\000e\000r\000h\000a\000s\000i\000l\000a\000n}{section.5.2}% 66
\BOOKMARK [1][-]{section.5.3}{\376\377\000A\000n\000a\000l\000i\000s\000i\000s\000\040\000R\000i\000s\000i\000k\000o}{chapter.5}% 67
\BOOKMARK [2][-]{subsection.5.3.1}{\376\377\000I\000d\000e\000n\000t\000i\000f\000i\000k\000a\000s\000i\000\040\000R\000i\000s\000i\000k\000o}{section.5.3}% 68
\BOOKMARK [2][-]{subsection.5.3.2}{\376\377\000S\000t\000r\000a\000t\000e\000g\000i\000\040\000M\000i\000t\000i\000g\000a\000s\000i\000\040\000R\000i\000s\000i\000k\000o}{section.5.3}% 69
\BOOKMARK [0][-]{appendix*.18}{\376\377\000L\000A\000M\000P\000I\000R\000A\000N\000\040\0001\000:\000\040\000D\000e\000t\000a\000i\000l\000\040\000K\000e\000b\000u\000t\000u\000h\000a\000n\000\040\000F\000u\000n\000g\000s\000i\000o\000n\000a\000l}{}% 70
\BOOKMARK [0][-]{appendix*.19}{\376\377\000L\000A\000M\000P\000I\000R\000A\000N\000\040\0002\000:\000\040\000P\000e\000n\000j\000e\000l\000a\000s\000a\000n\000\040\000D\000e\000t\000a\000i\000l\000\040\000A\000l\000t\000e\000r\000n\000a\000t\000i\000f\000\040\000S\000o\000l\000u\000s\000i}{}% 71
\BOOKMARK [0][-]{appendix*.20}{\376\377\000L\000A\000M\000P\000I\000R\000A\000N\000\040\0003\000:\000\040\000R\000i\000n\000c\000i\000a\000n\000\040\000A\000n\000a\000l\000i\000s\000i\000s\000\040\000P\000e\000n\000e\000n\000t\000u\000a\000n\000\040\000S\000o\000l\000u\000s\000i}{}% 72
