This is XeTeX, Version 3.141592653-2.6-0.999997 (MiKTeX 25.4) (preloaded format=xelatex 2025.11.30)  4 DEC 2025 18:35
entering extended mode
 restricted \write18 enabled.
 file:line:error style messages enabled.
 %&-line parsing enabled.
**"c:/Users/Athhar Umar/Downloads/ProposalTA-STI-main/ProposalTA-STI-main/Propo
salTA.tex"

(c:/Users/Athhar Umar/Downloads/ProposalTA-STI-main/ProposalTA-STI-main/Proposa
lTA.tex
LaTeX2e <2025-11-01>
L3 programming layer <2025-11-06>
(C:\Users\Athhar Umar\AppData\Local\Programs\MiKTeX\tex/latex/base\book.cls
Document Class: book 2025/01/22 v1.4n Standard LaTeX document class
(C:\Users\Athhar Umar\AppData\Local\Programs\MiKTeX\tex/latex/base\bk12.clo
File: bk12.clo 2025/01/22 v1.4n Standard LaTeX file (size option)
)
\c@part=\count271
\c@chapter=\count272
\c@section=\count273
\c@subsection=\count274
\c@subsubsection=\count275
\c@paragraph=\count276
\c@subparagraph=\count277
\c@figure=\count278
\c@table=\count279
\abovecaptionskip=\skip49
\belowcaptionskip=\skip50
\bibindent=\dimen148
)
(C:\Users\Athhar Umar\AppData\Local\Programs\MiKTeX\tex/latex/base\inputenc.sty
Package: inputenc 2024/02/08 v1.3d Input encoding file
\inpenc@prehook=\toks17
\inpenc@posthook=\toks18

Package inputenc Warning: inputenc package ignored with utf8 based engines.

)
(C:\Users\Athhar Umar\AppData\Local\Programs\MiKTeX\tex/latex/fontspec\fontspec
.sty
(C:\Users\Athhar Umar\AppData\Local\Programs\MiKTeX\tex/latex/l3packages/xparse
\xparse.sty
(C:\Users\Athhar Umar\AppData\Local\Programs\MiKTeX\tex/latex/l3kernel\expl3.st
y
Package: expl3 2025-11-06 L3 programming layer (loader) 

(C:\Users\Athhar Umar\AppData\Local\Programs\MiKTeX\tex/latex/l3backend\l3backe
nd-xetex.def
File: l3backend-xetex.def 2025-10-09 L3 backend support: XeTeX
\g__graphics_track_int=\count280
\g__pdfannot_backend_int=\count281
\g__pdfannot_backend_link_int=\count282
))
Package: xparse 2025-10-09 L3 Experimental document command parser
)
Package: fontspec 2025/09/29 v2.9g Font selection for XeLaTeX and LuaLaTeX

(C:\Users\Athhar Umar\AppData\Local\Programs\MiKTeX\tex/latex/fontspec\fontspec
-xetex.sty
Package: fontspec-xetex 2025/09/29 v2.9g Font selection for XeLaTeX and LuaLaTe
X
\l__fontspec_script_int=\count283
\l__fontspec_language_int=\count284
\l__fontspec_strnum_int=\count285
\l__fontspec_tmp_int=\count286
\l__fontspec_tmpa_int=\count287
\l__fontspec_tmpb_int=\count288
\l__fontspec_tmpc_int=\count289
\l__fontspec_em_int=\count290
\l__fontspec_emdef_int=\count291
\l__fontspec_strong_int=\count292
\l__fontspec_strongdef_int=\count293
\l__fontspec_tmpa_dim=\dimen149
\l__fontspec_tmpb_dim=\dimen150
\l__fontspec_tmpc_dim=\dimen151

(C:\Users\Athhar Umar\AppData\Local\Programs\MiKTeX\tex/latex/base\fontenc.sty
Package: fontenc 2025/07/18 v2.1d Standard LaTeX package
)
(C:\Users\Athhar Umar\AppData\Local\Programs\MiKTeX\tex/latex/fontspec\fontspec
.cfg)))

Package fontspec Info: 
(fontspec)             Font family 'TimesNewRoman(0)' created for font 'Times
(fontspec)             New Roman' with options [Ligatures=TeX].
(fontspec)              
(fontspec)              This font family consists of the following NFSS
(fontspec)             series/shapes:
(fontspec)              
(fontspec)             - 'normal' (m/n) with NFSS spec.: <->"Times New
(fontspec)             Roman/OT:script=latn;language=dflt;mapping=tex-text;"
(fontspec)             - 'small caps'  (m/sc) with NFSS spec.: <->"Times New
(fontspec)             Roman/OT:script=latn;language=dflt;+smcp;mapping=tex-tex
t;"
(fontspec)             - 'bold' (b/n) with NFSS spec.: <->"Times New
(fontspec)             Roman/B/OT:script=latn;language=dflt;mapping=tex-text;"
(fontspec)             - 'bold small caps'  (b/sc) with NFSS spec.: <->"Times
(fontspec)             New
(fontspec)             Roman/B/OT:script=latn;language=dflt;+smcp;mapping=tex-t
ext;"
(fontspec)             - 'italic' (m/it) with NFSS spec.: <->"Times New
(fontspec)             Roman/I/OT:script=latn;language=dflt;mapping=tex-text;"
(fontspec)             - 'italic small caps'  (m/scit) with NFSS spec.:
(fontspec)             <->"Times New
(fontspec)             Roman/I/OT:script=latn;language=dflt;+smcp;mapping=tex-t
ext;"
(fontspec)             - 'bold italic' (b/it) with NFSS spec.: <->"Times New
(fontspec)             Roman/BI/OT:script=latn;language=dflt;mapping=tex-text;"

(fontspec)             - 'bold italic small caps'  (b/scit) with NFSS spec.:
(fontspec)             <->"Times New
(fontspec)             Roman/BI/OT:script=latn;language=dflt;+smcp;mapping=tex-
text;"


(C:\Users\Athhar Umar\AppData\Local\Programs\MiKTeX\tex/latex/geometry\geometry
.sty
Package: geometry 2020/01/02 v5.9 Page Geometry

(C:\Users\Athhar Umar\AppData\Local\Programs\MiKTeX\tex/latex/graphics\keyval.s
ty
Package: keyval 2022/05/29 v1.15 key=value parser (DPC)
\KV@toks@=\toks19
)
(C:\Users\Athhar Umar\AppData\Local\Programs\MiKTeX\tex/generic/iftex\ifvtex.st
y
Package: ifvtex 2019/10/25 v1.7 ifvtex legacy package. Use iftex instead.

(C:\Users\Athhar Umar\AppData\Local\Programs\MiKTeX\tex/generic/iftex\iftex.sty
Package: iftex 2024/12/12 v1.0g TeX engine tests
))
\Gm@cnth=\count294
\Gm@cntv=\count295
\c@Gm@tempcnt=\count296
\Gm@bindingoffset=\dimen152
\Gm@wd@mp=\dimen153
\Gm@odd@mp=\dimen154
\Gm@even@mp=\dimen155
\Gm@layoutwidth=\dimen156
\Gm@layoutheight=\dimen157
\Gm@layouthoffset=\dimen158
\Gm@layoutvoffset=\dimen159
\Gm@dimlist=\toks20

(C:\Users\Athhar Umar\AppData\Local\Programs\MiKTeX\tex/latex/geometry\geometry
.cfg))
(C:\Users\Athhar Umar\AppData\Local\Programs\MiKTeX\tex/generic/babel\babel.sty
Package: babel 2025/11/09 v25.15 The multilingual framework for LuaLaTeX, pdfLa
TeX and XeLaTeX
\babel@savecnt=\count297
LaTeX Encoding Info:    Redeclaring text command \ij (encoding OT1) on input li
ne 2050.
LaTeX Encoding Info:    Redeclaring text command \IJ (encoding OT1) on input li
ne 2052.
LaTeX Encoding Info:    Redeclaring text command \ij (encoding T1) on input lin
e 2054.
LaTeX Encoding Info:    Redeclaring text command \IJ (encoding T1) on input lin
e 2055.
LaTeX Encoding Info:    Ignoring declaration for text command \ij (encoding ?) 
on input line 2056.
LaTeX Encoding Info:    Ignoring declaration for text command \IJ (encoding ?) 
on input line 2058.
LaTeX Encoding Info:    Ignoring declaration for text command \SS (encoding ?) 
on input line 2083.
\U@D=\dimen160
\l@unhyphenated=\language79

(C:\Users\Athhar Umar\AppData\Local\Programs\MiKTeX\tex/generic/babel\xebabel.d
ef)
\bbl@readstream=\read2
\bbl@dirlevel=\count298
Package babel Info: Configuration files are deprecated, as
(babel)             they can break document portability.
(babel)             Reported on input line 4175.

*************************************
* Local config file bblopts.cfg used
*

(C:\Users\Athhar Umar\AppData\Local\Programs\MiKTeX\tex/latex/arabi\bblopts.cfg
File: bblopts.cfg 2005/09/08 v0.1 add Arabic and Farsi to "declared" options of
 babel
)
(C:\Users\Athhar Umar\AppData\Local\Programs\MiKTeX\tex/generic/babel/locale/id
\babel-indonesian.tex)
Package babel Info: Importing font and identification data for indonesian
(babel)             from babel-id.ini. Reported on input line 4298.

(C:\Users\Athhar Umar\AppData\Local\Programs\MiKTeX\tex/latex/babel-indonesian\
indonesian.ldf
Language: indonesian 2025/06/01 v1.0n Bahasa Indonesia support from the babel s
ystem
))
(C:\Users\Athhar Umar\AppData\Local\Programs\MiKTeX\tex/latex/csquotes\csquotes
.sty
Package: csquotes 2024-04-04 v5.2o context-sensitive quotations (JAW)

(C:\Users\Athhar Umar\AppData\Local\Programs\MiKTeX\tex/latex/etoolbox\etoolbox
.sty
Package: etoolbox 2025/10/02 v2.5m e-TeX tools for LaTeX (JAW)
\etb@tempcnta=\count299
)
\csq@reset=\count300
\csq@gtype=\count301
\csq@glevel=\count302
\csq@qlevel=\count303
\csq@maxlvl=\count304
\csq@tshold=\count305
\csq@ltx@everypar=\toks21

(C:\Users\Athhar Umar\AppData\Local\Programs\MiKTeX\tex/latex/csquotes\csquotes
.def
File: csquotes.def 2024-04-04 v5.2o csquotes generic definitions (JAW)
)
Package csquotes Info: Trying to load configuration file 'csquotes.cfg'...
Package csquotes Info: ... configuration file loaded successfully.

(C:\Users\Athhar Umar\AppData\Local\Programs\MiKTeX\tex/latex/csquotes\csquotes
.cfg
File: csquotes.cfg 
))
(C:\Users\Athhar Umar\AppData\Local\Programs\MiKTeX\tex/latex/setspace\setspace
.sty
Package: setspace 2022/12/04 v6.7b set line spacing
)
(C:\Users\Athhar Umar\AppData\Local\Programs\MiKTeX\tex/latex/graphics\graphicx
.sty
Package: graphicx 2024/12/31 v1.2e Enhanced LaTeX Graphics (DPC,SPQR)

(C:\Users\Athhar Umar\AppData\Local\Programs\MiKTeX\tex/latex/graphics\graphics
.sty
Package: graphics 2024/08/06 v1.4g Standard LaTeX Graphics (DPC,SPQR)

(C:\Users\Athhar Umar\AppData\Local\Programs\MiKTeX\tex/latex/graphics\trig.sty
Package: trig 2023/12/02 v1.11 sin cos tan (DPC)
)
(C:\Users\Athhar Umar\AppData\Local\Programs\MiKTeX\tex/latex/graphics-cfg\grap
hics.cfg
File: graphics.cfg 2016/06/04 v1.11 sample graphics configuration
)
Package graphics Info: Driver file: xetex.def on input line 106.

(C:\Users\Athhar Umar\AppData\Local\Programs\MiKTeX\tex/latex/graphics-def\xete
x.def
File: xetex.def 2025/11/01 v5.0p Graphics/color driver for xetex
))
\Gin@req@height=\dimen161
\Gin@req@width=\dimen162
)
(C:\Users\Athhar Umar\AppData\Local\Programs\MiKTeX\tex/latex/caption\caption.s
ty
Package: caption 2023/08/05 v3.6o Customizing captions (AR)

(C:\Users\Athhar Umar\AppData\Local\Programs\MiKTeX\tex/latex/caption\caption3.
sty
Package: caption3 2023/07/31 v2.4d caption3 kernel (AR)
\caption@tempdima=\dimen163
\captionmargin=\dimen164
\caption@leftmargin=\dimen165
\caption@rightmargin=\dimen166
\caption@width=\dimen167
\caption@indent=\dimen168
\caption@parindent=\dimen169
\caption@hangindent=\dimen170
Package caption Info: Standard document class detected.
)
\c@caption@flags=\count306
\c@continuedfloat=\count307
)
(C:\Users\Athhar Umar\AppData\Local\Programs\MiKTeX\tex/latex/caption\subcaptio
n.sty
Package: subcaption 2023/07/28 v1.6b Sub-captions (AR)
Package caption Info: New subtype `subfigure' on input line 238.
\c@subfigure=\count308
Package caption Info: New subtype `subtable' on input line 238.
\c@subtable=\count309
)
(C:\Users\Athhar Umar\AppData\Local\Programs\MiKTeX\tex/latex/hyperref\hyperref
.sty
Package: hyperref 2025-07-12 v7.01o Hypertext links for LaTeX

(C:\Users\Athhar Umar\AppData\Local\Programs\MiKTeX\tex/latex/kvsetkeys\kvsetke
ys.sty
Package: kvsetkeys 2022-10-05 v1.19 Key value parser (HO)
)
(C:\Users\Athhar Umar\AppData\Local\Programs\MiKTeX\tex/generic/kvdefinekeys\kv
definekeys.sty
Package: kvdefinekeys 2019-12-19 v1.6 Define keys (HO)
)
(C:\Users\Athhar Umar\AppData\Local\Programs\MiKTeX\tex/generic/pdfescape\pdfes
cape.sty
Package: pdfescape 2019/12/09 v1.15 Implements pdfTeX's escape features (HO)

(C:\Users\Athhar Umar\AppData\Local\Programs\MiKTeX\tex/generic/ltxcmds\ltxcmds
.sty
Package: ltxcmds 2023-12-04 v1.26 LaTeX kernel commands for general use (HO)
)
(C:\Users\Athhar Umar\AppData\Local\Programs\MiKTeX\tex/generic/pdftexcmds\pdft
excmds.sty
Package: pdftexcmds 2020-06-27 v0.33 Utility functions of pdfTeX for LuaTeX (HO
)

(C:\Users\Athhar Umar\AppData\Local\Programs\MiKTeX\tex/generic/infwarerr\infwa
rerr.sty
Package: infwarerr 2019/12/03 v1.5 Providing info/warning/error messages (HO)
)
Package pdftexcmds Info: \pdf@primitive is available.
Package pdftexcmds Info: \pdf@ifprimitive is available.
Package pdftexcmds Info: \pdfdraftmode not found.
))
(C:\Users\Athhar Umar\AppData\Local\Programs\MiKTeX\tex/latex/hycolor\hycolor.s
ty
Package: hycolor 2020-01-27 v1.10 Color options for hyperref/bookmark (HO)
)
(C:\Users\Athhar Umar\AppData\Local\Programs\MiKTeX\tex/latex/hyperref\nameref.
sty
Package: nameref 2025-06-21 v2.57 Cross-referencing by name of section

(C:\Users\Athhar Umar\AppData\Local\Programs\MiKTeX\tex/latex/refcount\refcount
.sty
Package: refcount 2019/12/15 v3.6 Data extraction from label references (HO)
)
(C:\Users\Athhar Umar\AppData\Local\Programs\MiKTeX\tex/generic/gettitlestring\
gettitlestring.sty
Package: gettitlestring 2019/12/15 v1.6 Cleanup title references (HO)

(C:\Users\Athhar Umar\AppData\Local\Programs\MiKTeX\tex/latex/kvoptions\kvoptio
ns.sty
Package: kvoptions 2022-06-15 v3.15 Key value format for package options (HO)
))
\c@section@level=\count310
)
(C:\Users\Athhar Umar\AppData\Local\Programs\MiKTeX\tex/generic/stringenc\strin
genc.sty
Package: stringenc 2019/11/29 v1.12 Convert strings between diff. encodings (HO
)
)
\@linkdim=\dimen171
\Hy@linkcounter=\count311
\Hy@pagecounter=\count312

(C:\Users\Athhar Umar\AppData\Local\Programs\MiKTeX\tex/latex/hyperref\pd1enc.d
ef
File: pd1enc.def 2025-07-12 v7.01o Hyperref: PDFDocEncoding definition (HO)
)
(C:\Users\Athhar Umar\AppData\Local\Programs\MiKTeX\tex/generic/intcalc\intcalc
.sty
Package: intcalc 2019/12/15 v1.3 Expandable calculations with integers (HO)
)
\Hy@SavedSpaceFactor=\count313

(C:\Users\Athhar Umar\AppData\Local\Programs\MiKTeX\tex/latex/hyperref\puenc.de
f
File: puenc.def 2025-07-12 v7.01o Hyperref: PDF Unicode definition (HO)
)
Package hyperref Info: Hyper figures OFF on input line 4195.
Package hyperref Info: Link nesting OFF on input line 4200.
Package hyperref Info: Hyper index ON on input line 4203.
Package hyperref Info: Plain pages OFF on input line 4210.
Package hyperref Info: Backreferencing OFF on input line 4215.
Package hyperref Info: Implicit mode ON; LaTeX internals redefined.
Package hyperref Info: Bookmarks ON on input line 4462.
\c@Hy@tempcnt=\count314
 (C:\Users\Athhar Umar\AppData\Local\Programs\MiKTeX\tex/latex/url\url.sty
\Urlmuskip=\muskip17
Package: url 2013/09/16  ver 3.4  Verb mode for urls, etc.
)
LaTeX Info: Redefining \url on input line 4801.
\XeTeXLinkMargin=\dimen172

(C:\Users\Athhar Umar\AppData\Local\Programs\MiKTeX\tex/generic/bitset\bitset.s
ty
Package: bitset 2019/12/09 v1.3 Handle bit-vector datatype (HO)

(C:\Users\Athhar Umar\AppData\Local\Programs\MiKTeX\tex/generic/bigintcalc\bigi
ntcalc.sty
Package: bigintcalc 2019/12/15 v1.5 Expandable calculations on big integers (HO
)
))
\Fld@menulength=\count315
\Field@Width=\dimen173
\Fld@charsize=\dimen174
Package hyperref Info: Hyper figures OFF on input line 6078.
Package hyperref Info: Link nesting OFF on input line 6083.
Package hyperref Info: Hyper index ON on input line 6086.
Package hyperref Info: backreferencing OFF on input line 6093.
Package hyperref Info: Link coloring OFF on input line 6098.
Package hyperref Info: Link coloring with OCG OFF on input line 6103.
Package hyperref Info: PDF/A mode OFF on input line 6108.
\Hy@abspage=\count316
\c@Item=\count317
\c@Hfootnote=\count318
)
Package hyperref Info: Driver (autodetected): hxetex.

(C:\Users\Athhar Umar\AppData\Local\Programs\MiKTeX\tex/latex/hyperref\hxetex.d
ef
File: hxetex.def 2025-07-12 v7.01o Hyperref driver for XeTeX
\pdfm@box=\box53
\c@Hy@AnnotLevel=\count319
\HyField@AnnotCount=\count320
\Fld@listcount=\count321
\c@bookmark@seq@number=\count322

(C:\Users\Athhar Umar\AppData\Local\Programs\MiKTeX\tex/latex/rerunfilecheck\re
runfilecheck.sty
Package: rerunfilecheck 2025-06-21 v1.11 Rerun checks for auxiliary files (HO)

(C:\Users\Athhar Umar\AppData\Local\Programs\MiKTeX\tex/generic/uniquecounter\u
niquecounter.sty
Package: uniquecounter 2019/12/15 v1.4 Provide unlimited unique counter (HO)
)
Package uniquecounter Info: New unique counter `rerunfilecheck' on input line 2
84.
)
\Hy@SectionHShift=\skip51
)
(C:\Users\Athhar Umar\AppData\Local\Programs\MiKTeX\tex/latex/titlesec\titlesec
.sty
Package: titlesec 2025/01/04 v2.17 Sectioning titles
\ttl@box=\box54
\beforetitleunit=\skip52
\aftertitleunit=\skip53
\ttl@plus=\dimen175
\ttl@minus=\dimen176
\ttl@toksa=\toks22
\titlewidth=\dimen177
\titlewidthlast=\dimen178
\titlewidthfirst=\dimen179
)
(C:\Users\Athhar Umar\AppData\Local\Programs\MiKTeX\tex/latex/tocloft\tocloft.s
ty
Package: tocloft 2017/08/31 v2.3i parameterised ToC, etc., typesetting
Package tocloft Info: The document has chapter divisions on input line 51.
\cftparskip=\skip54
\cftbeforetoctitleskip=\skip55
\cftaftertoctitleskip=\skip56
\cftbeforepartskip=\skip57
\cftpartnumwidth=\skip58
\cftpartindent=\skip59
\cftbeforechapskip=\skip60
\cftchapindent=\skip61
\cftchapnumwidth=\skip62
\cftbeforesecskip=\skip63
\cftsecindent=\skip64
\cftsecnumwidth=\skip65
\cftbeforesubsecskip=\skip66
\cftsubsecindent=\skip67
\cftsubsecnumwidth=\skip68
\cftbeforesubsubsecskip=\skip69
\cftsubsubsecindent=\skip70
\cftsubsubsecnumwidth=\skip71
\cftbeforeparaskip=\skip72
\cftparaindent=\skip73
\cftparanumwidth=\skip74
\cftbeforesubparaskip=\skip75
\cftsubparaindent=\skip76
\cftsubparanumwidth=\skip77
\cftbeforeloftitleskip=\skip78
\cftafterloftitleskip=\skip79
\cftbeforefigskip=\skip80
\cftfigindent=\skip81
\cftfignumwidth=\skip82
\c@lofdepth=\count323
\c@lotdepth=\count324
\cftbeforelottitleskip=\skip83
\cftafterlottitleskip=\skip84
\cftbeforetabskip=\skip85
\cfttabindent=\skip86
\cfttabnumwidth=\skip87
)
(C:\Users\Athhar Umar\AppData\Local\Programs\MiKTeX\tex/latex/lipsum\lipsum.sty

(C:\Users\Athhar Umar\AppData\Local\Programs\MiKTeX\tex/latex/l3packages/l3keys
2e\l3keys2e.sty
Package: l3keys2e 2025-10-09 LaTeX2e option processing using LaTeX3 keys
)
Package: lipsum 2021-09-20 v2.7 150 paragraphs of Lorem Ipsum dummy text
\g__lipsum_par_int=\count325
\l__lipsum_a_int=\count326
\l__lipsum_b_int=\count327

(C:\Users\Athhar Umar\AppData\Local\Programs\MiKTeX\tex/latex/lipsum\lipsum.ltd
.tex))
(C:\Users\Athhar Umar\AppData\Local\Programs\MiKTeX\tex/latex/floatrow\floatrow
.sty
Package: floatrow 2008/08/02 v0.3b floatrow: float package extension
\c@float@type=\count328
\float@exts=\toks23
\float@box=\box55
\@floatcapt=\box56
Package floatrow Info: Modified float package code loaded on input line 455.
Package floatrow Info: Modified rotfloat package code loaded on input line 473.

\FR@everyfloat=\toks24
\flrow@foot=\insert252
\FB@wd=\dimen180
\FBo@wd=\dimen181
\FBc@wd=\dimen182
\FBo@ht=\skip88
\FBc@ht=\skip89
\FBf@ht=\skip90
\FBo@max=\skip91
\FBc@max=\skip92
\FBf@max=\skip93
\c@FBl@b=\count329
\floatbox@depth=\count330
\c@FRobj=\count331
\c@FRsobj=\count332
\Xhsize=\skip94
\sXhsize=\skip95
\Zhsize=\skip96
\sZhsize=\skip97
\flrow@rowbox=\box57
\FR@Zunitlength=\dimen183
\c@FBcnt=\count333
\FPOScnt=\count334
\LTleft=\skip98
\LTright=\skip99
\LTleft=\skip100
\LTright=\skip101
\flrow@types=\toks25
)
(C:\Users\Athhar Umar\AppData\Local\Programs\MiKTeX\tex/latex/listings\listings
.sty
\lst@mode=\count335
\lst@gtempboxa=\box58
\lst@token=\toks26
\lst@length=\count336
\lst@currlwidth=\dimen184
\lst@column=\count337
\lst@pos=\count338
\lst@lostspace=\dimen185
\lst@width=\dimen186
\lst@newlines=\count339
\lst@lineno=\count340
\lst@maxwidth=\dimen187

(C:\Users\Athhar Umar\AppData\Local\Programs\MiKTeX\tex/latex/listings\lstpatch
.sty
File: lstpatch.sty 2025/11/14 1.11b (Carsten Heinz)
)
(C:\Users\Athhar Umar\AppData\Local\Programs\MiKTeX\tex/latex/listings\lstmisc.
sty
File: lstmisc.sty 2025/11/14 1.11b (Carsten Heinz)
\c@lstnumber=\count341
\lst@skipnumbers=\count342
\lst@framebox=\box59
)
(C:\Users\Athhar Umar\AppData\Local\Programs\MiKTeX\tex/latex/listings\listings
.cfg
File: listings.cfg 2025/11/14 1.11b listings configuration
))
Package: listings 2025/11/14 1.11b (Carsten Heinz)

==> First Aid for listings.sty no longer applied!
    Expected:
        2024/09/23 1.10c (Carsten Heinz)
    but found:
        2025/11/14 1.11b (Carsten Heinz)
    so I'm assuming it got fixed.

(C:\Users\Athhar Umar\AppData\Local\Programs\MiKTeX\tex/latex/amsmath\amsmath.s
ty
Package: amsmath 2025/07/09 v2.17z AMS math features
\@mathmargin=\skip102

For additional information on amsmath, use the `?' option.

(C:\Users\Athhar Umar\AppData\Local\Programs\MiKTeX\tex/latex/amsmath\amstext.s
ty
Package: amstext 2024/11/17 v2.01 AMS text

(C:\Users\Athhar Umar\AppData\Local\Programs\MiKTeX\tex/latex/amsmath\amsgen.st
y
File: amsgen.sty 1999/11/30 v2.0 generic functions
\@emptytoks=\toks27
\ex@=\dimen188
))
(C:\Users\Athhar Umar\AppData\Local\Programs\MiKTeX\tex/latex/amsmath\amsbsy.st
y
Package: amsbsy 1999/11/29 v1.2d Bold Symbols
\pmbraise@=\dimen189
)
(C:\Users\Athhar Umar\AppData\Local\Programs\MiKTeX\tex/latex/amsmath\amsopn.st
y
Package: amsopn 2022/04/08 v2.04 operator names
)
\inf@bad=\count343
LaTeX Info: Redefining \frac on input line 233.
\uproot@=\count344
\leftroot@=\count345
LaTeX Info: Redefining \overline on input line 398.
LaTeX Info: Redefining \colon on input line 409.
\classnum@=\count346
\DOTSCASE@=\count347
LaTeX Info: Redefining \ldots on input line 495.
LaTeX Info: Redefining \dots on input line 498.
LaTeX Info: Redefining \cdots on input line 619.
\Mathstrutbox@=\box60
\strutbox@=\box61
LaTeX Info: Redefining \big on input line 721.
LaTeX Info: Redefining \Big on input line 722.
LaTeX Info: Redefining \bigg on input line 723.
LaTeX Info: Redefining \Bigg on input line 724.
\big@size=\dimen190
LaTeX Font Info:    Redeclaring font encoding OML on input line 742.
LaTeX Font Info:    Redeclaring font encoding OMS on input line 743.
\macc@depth=\count348
LaTeX Info: Redefining \bmod on input line 904.
LaTeX Info: Redefining \pmod on input line 909.
LaTeX Info: Redefining \smash on input line 939.
LaTeX Info: Redefining \relbar on input line 969.
LaTeX Info: Redefining \Relbar on input line 970.
\c@MaxMatrixCols=\count349
\dotsspace@=\muskip18
\c@parentequation=\count350
\dspbrk@lvl=\count351
\tag@help=\toks28
\row@=\count352
\column@=\count353
\maxfields@=\count354
\andhelp@=\toks29
\eqnshift@=\dimen191
\alignsep@=\dimen192
\tagshift@=\dimen193
\tagwidth@=\dimen194
\totwidth@=\dimen195
\lineht@=\dimen196
\@envbody=\toks30
\multlinegap=\skip103
\multlinetaggap=\skip104
\mathdisplay@stack=\toks31
LaTeX Info: Redefining \[ on input line 2950.
LaTeX Info: Redefining \] on input line 2951.
)
(C:\Users\Athhar Umar\AppData\Local\Programs\MiKTeX\tex/latex/amsfonts\amssymb.
sty
Package: amssymb 2013/01/14 v3.01 AMS font symbols

(C:\Users\Athhar Umar\AppData\Local\Programs\MiKTeX\tex/latex/amsfonts\amsfonts
.sty
Package: amsfonts 2013/01/14 v3.01 Basic AMSFonts support
\symAMSa=\mathgroup4
\symAMSb=\mathgroup5
LaTeX Font Info:    Redeclaring math symbol \hbar on input line 98.
LaTeX Font Info:    Overwriting math alphabet `\mathfrak' in version `bold'
(Font)                  U/euf/m/n --> U/euf/b/n on input line 106.
))
(C:\Users\Athhar Umar\AppData\Local\Programs\MiKTeX\tex/latex/enumitem\enumitem
.sty
Package: enumitem 2025/02/06 v3.11 Customized lists
\labelindent=\skip105
\enit@outerparindent=\dimen197
\enit@toks=\toks32
\enit@inbox=\box62
\enit@count@id=\count355
\enitdp@description=\count356
)
(C:\Users\Athhar Umar\AppData\Local\Programs\MiKTeX\tex/latex/parskip\parskip.s
ty
Package: parskip 2021-03-14 v2.0h non-zero parskip adjustments
)
(C:\Users\Athhar Umar\AppData\Local\Programs\MiKTeX\tex/latex/tools\longtable.s
ty
Package: longtable 2025-10-13 v4.24 Multi-page Table package (DPC)
\LTleft=\skip106
\LTright=\skip107
\LTpre=\skip108
\LTpost=\skip109
\LTchunksize=\count357
\LTcapwidth=\dimen198
\LT@head=\box63
\LT@firsthead=\box64
\LT@foot=\box65
\LT@lastfoot=\box66
\LT@gbox=\box67
\LT@cols=\count358
\LT@rows=\count359
\c@LT@tables=\count360
\c@LT@chunks=\count361
\LT@p@ftn=\toks33
)
(C:\Users\Athhar Umar\AppData\Local\Programs\MiKTeX\tex/latex/booktabs\booktabs
.sty
Package: booktabs 2020/01/12 v1.61803398 Publication quality tables
\heavyrulewidth=\dimen199
\lightrulewidth=\dimen256
\cmidrulewidth=\dimen257
\belowrulesep=\dimen258
\belowbottomsep=\dimen259
\aboverulesep=\dimen260
\abovetopsep=\dimen261
\cmidrulesep=\dimen262
\cmidrulekern=\dimen263
\defaultaddspace=\dimen264
\@cmidla=\count362
\@cmidlb=\count363
\@aboverulesep=\dimen265
\@belowrulesep=\dimen266
\@thisruleclass=\count364
\@lastruleclass=\count365
\@thisrulewidth=\dimen267
)
(C:\Users\Athhar Umar\AppData\Local\Programs\MiKTeX\tex/latex/datetime2\datetim
e2.sty
Package: datetime2 2021/03/21 v1.5.7 (NLCT) date and time formats

(C:\Users\Athhar Umar\AppData\Local\Programs\MiKTeX\tex/latex/tracklang\trackla
ng.sty
Package: tracklang 2025/03/11 v1.6.6 (NLCT) Track Languages

(C:\Users\Athhar Umar\AppData\Local\Programs\MiKTeX\tex/generic/tracklang\track
lang.tex)
Package tracklang Info: Tracking dialect `indonesian' (language `bahasai') on i
nput line 264.
Package tracklang Info: Tracking dialect `indonesian' (language `bahasai') on i
nput line 264.
)
(C:\Users\Athhar Umar\AppData\Local\Programs\MiKTeX\tex/latex/xkeyval\xkeyval.s
ty
Package: xkeyval 2022/06/16 v2.9 package option processing (HA)

(C:\Users\Athhar Umar\AppData\Local\Programs\MiKTeX\tex/generic/xkeyval\xkeyval
.tex
(C:\Users\Athhar Umar\AppData\Local\Programs\MiKTeX\tex/generic/xkeyval\xkvutil
s.tex
\XKV@toks=\toks34
\XKV@tempa@toks=\toks35
)
\XKV@depth=\count366
File: xkeyval.tex 2014/12/03 v2.7a key=value parser (HA)
))
Package tracklang Info: Tracking dialect `bahasai' (language `bahasai') on inpu
t line 217.

(C:\Users\Athhar Umar\AppData\Local\Programs\MiKTeX\tex/latex/datetime2-bahasai
\datetime2-bahasai.ldf
File: datetime2-bahasai.ldf 2018/01/10 v1.01
))
(C:\Users\Athhar Umar\AppData\Local\Programs\MiKTeX\tex/latex/microtype\microty
pe.sty
Package: microtype 2025/07/09 v3.2b Micro-typographical refinements (RS)
\MT@toks=\toks36
\MT@tempbox=\box68
\MT@count=\count367
LaTeX Info: Redefining \noprotrusionifhmode on input line 1087.
LaTeX Info: Redefining \leftprotrusion on input line 1088.
\MT@prot@toks=\toks37
LaTeX Info: Redefining \rightprotrusion on input line 1107.
LaTeX Info: Redefining \textls on input line 1449.
\MT@outer@kern=\dimen268
LaTeX Info: Redefining \microtypecontext on input line 2053.
LaTeX Info: Redefining \textmicrotypecontext on input line 2070.
\MT@listname@count=\count368

(C:\Users\Athhar Umar\AppData\Local\Programs\MiKTeX\tex/latex/microtype\microty
pe-xetex.def
File: microtype-xetex.def 2025/07/09 v3.2b Definitions specific to xetex (RS)
LaTeX Info: Redefining \lsstyle on input line 443.
LaTeX Info: Redefining \lslig on input line 451.
\MT@outer@space=\skip110
)
Package microtype Info: Loading configuration file microtype.cfg.

(C:\Users\Athhar Umar\AppData\Local\Programs\MiKTeX\tex/latex/microtype\microty
pe.cfg
File: microtype.cfg 2025/07/09 v3.2b microtype main configuration file (RS)
)
LaTeX Info: Redefining \microtypesetup on input line 3065.
)
(C:\Users\Athhar Umar\AppData\Local\Programs\MiKTeX\tex/latex/tools\tabularx.st
y
Package: tabularx 2023/12/11 v2.12a `tabularx' package (DPC)
 (C:\Users\Athhar Umar\AppData\Local\Programs\MiKTeX\tex/latex/tools\array.sty
Package: array 2025/09/25 v2.6n Tabular extension package (FMi)
\col@sep=\dimen269
\ar@mcellbox=\box69
\extrarowheight=\dimen270
\NC@list=\toks38
\extratabsurround=\skip111
\backup@length=\skip112
\ar@cellbox=\box70
)
\TX@col@width=\dimen271
\TX@old@table=\dimen272
\TX@old@col=\dimen273
\TX@target=\dimen274
\TX@delta=\dimen275
\TX@cols=\count369
\TX@ftn=\toks39
)
(C:\Users\Athhar Umar\AppData\Local\Programs\MiKTeX\tex/latex/adjustbox\adjustb
ox.sty
Package: adjustbox 2025/02/26 v1.3c Adjusting TeX boxes (trim, clip, ...)

(C:\Users\Athhar Umar\AppData\Local\Programs\MiKTeX\tex/latex/adjustbox\adjcalc
.sty
Package: adjcalc 2012/05/16 v1.1 Provides advanced setlength with multiple back
-ends (calc, etex, pgfmath)
)
(C:\Users\Athhar Umar\AppData\Local\Programs\MiKTeX\tex/latex/adjustbox\trimcli
p.sty
Package: trimclip 2025/02/21 v1.2a Trim and clip general TeX material

(C:\Users\Athhar Umar\AppData\Local\Programs\MiKTeX\tex/latex/collectbox\collec
tbox.sty
Package: collectbox 2022/10/17 v0.4c Collect macro arguments as boxes
\collectedbox=\box71
)
\tc@llx=\dimen276
\tc@lly=\dimen277
\tc@urx=\dimen278
\tc@ury=\dimen279
Package trimclip Info: Using driver 'tc-xetex.def'.

(C:\Users\Athhar Umar\AppData\Local\Programs\MiKTeX\tex/latex/adjustbox\tc-xete
x.def
File: tc-xetex.def 2019/01/04 v2.2 Clipping driver for xetex
))
\adjbox@Width=\dimen280
\adjbox@Height=\dimen281
\adjbox@Depth=\dimen282
\adjbox@Totalheight=\dimen283
\adjbox@pwidth=\dimen284
\adjbox@pheight=\dimen285
\adjbox@pdepth=\dimen286
\adjbox@ptotalheight=\dimen287

(C:\Users\Athhar Umar\AppData\Local\Programs\MiKTeX\tex/latex/ifoddpage\ifoddpa
ge.sty
Package: ifoddpage 2022/10/18 v1.2 Conditionals for odd/even page detection
\c@checkoddpage=\count370
)
(C:\Users\Athhar Umar\AppData\Local\Programs\MiKTeX\tex/latex/varwidth\varwidth
.sty
Package: varwidth 2009/03/30 ver 0.92;  Variable-width minipages
\@vwid@box=\box72
\sift@deathcycles=\count371
\@vwid@loff=\dimen288
\@vwid@roff=\dimen289
)
==> First Aid for varwidth.sty applied!
)
(C:\Users\Athhar Umar\AppData\Local\Programs\MiKTeX\tex/latex/multirow\multirow
.sty
Package: multirow 2024/11/12 v2.9 Span multiple rows of a table
\multirow@colwidth=\skip113
\multirow@cntb=\count372
\multirow@dima=\skip114
\bigstrutjot=\dimen290
)
(C:\Users\Athhar Umar\AppData\Local\Programs\MiKTeX\tex/latex/biblatex-chicago\
biblatex-chicago.sty
Package: biblatex-chicago 2022/07/02 v 3.18 biblatex style

(C:\Users\Athhar Umar\AppData\Local\Programs\MiKTeX\tex/latex/xstring\xstring.s
ty
(C:\Users\Athhar Umar\AppData\Local\Programs\MiKTeX\tex/generic/xstring\xstring
.tex
\xs_counta=\count373
\xs_countb=\count374
)
Package: xstring 2023/08/22 v1.86 String manipulations (CT)
)
(C:\Users\Athhar Umar\AppData\Local\Programs\MiKTeX\tex/latex/biblatex\biblatex
.sty
Package: biblatex 2025/07/10 v3.21 programmable bibliographies (PK/MW)

(C:\Users\Athhar Umar\AppData\Local\Programs\MiKTeX\tex/latex/logreq\logreq.sty
Package: logreq 2010/08/04 v1.0 xml request logger
\lrq@indent=\count375

(C:\Users\Athhar Umar\AppData\Local\Programs\MiKTeX\tex/latex/logreq\logreq.def
File: logreq.def 2010/08/04 v1.0 logreq spec v1.0
))
(C:\Users\Athhar Umar\AppData\Local\Programs\MiKTeX\tex/latex/base\ifthen.sty
Package: ifthen 2024/03/16 v1.1e Standard LaTeX ifthen package (DPC)
)
\c@tabx@nest=\count376
\c@listtotal=\count377
\c@listcount=\count378
\c@liststart=\count379
\c@liststop=\count380
\c@citecount=\count381
\c@citetotal=\count382
\c@multicitecount=\count383
\c@multicitetotal=\count384
\c@instcount=\count385
\c@maxnames=\count386
\c@minnames=\count387
\c@maxitems=\count388
\c@minitems=\count389
\c@citecounter=\count390
\c@maxcitecounter=\count391
\c@savedcitecounter=\count392
\c@uniquelist=\count393
\c@uniquename=\count394
\c@refsection=\count395
\c@refsegment=\count396
\c@maxextratitle=\count397
\c@maxextratitleyear=\count398
\c@maxextraname=\count399
\c@maxextradate=\count400
\c@maxextraalpha=\count401
\c@abbrvpenalty=\count402
\c@highnamepenalty=\count403
\c@lownamepenalty=\count404
\c@maxparens=\count405
\c@parenlevel=\count406
\blx@tempcnta=\count407
\blx@tempcntb=\count408
\blx@tempcntc=\count409
\c@blx@maxsection=\count410
\blx@maxsegment@0=\count411
\blx@notetype=\count412
\blx@parenlevel@text=\count413
\blx@parenlevel@foot=\count414
\blx@sectionciteorder@0=\count415
\blx@sectionciteorderinternal@0=\count416
\blx@entrysetcounter=\count417
\blx@biblioinstance=\count418
\labelnumberwidth=\skip115
\labelalphawidth=\skip116
\biblabelsep=\skip117
\bibitemsep=\skip118
\bibnamesep=\skip119
\bibinitsep=\skip120
\bibparsep=\skip121
\bibhang=\skip122
\blx@bcfin=\read3
\blx@bcfout=\write3
\blx@langwohyphens=\language80
\c@mincomprange=\count419
\c@maxcomprange=\count420
\c@mincompwidth=\count421
Package biblatex Info: Trying to load biblatex default data model...
Package biblatex Info: ... file 'blx-dm.def' found.

(C:\Users\Athhar Umar\AppData\Local\Programs\MiKTeX\tex/latex/biblatex\blx-dm.d
ef
File: blx-dm.def 2025/07/10 v3.21 biblatex datamodel (PK/MW)
)
Package biblatex Info: Trying to load biblatex style data model...
Package biblatex Info: ... file 'chicago-authordate.dbx' not found.
Package biblatex Info: Trying to load biblatex custom data model...
Package biblatex Info: ... file 'biblatex-dm.cfg' not found.
\c@afterword=\count422
\c@savedafterword=\count423
\c@annotator=\count424
\c@savedannotator=\count425
\c@author=\count426
\c@savedauthor=\count427
\c@bookauthor=\count428
\c@savedbookauthor=\count429
\c@commentator=\count430
\c@savedcommentator=\count431
\c@editor=\count432
\c@savededitor=\count433
\c@editora=\count434
\c@savededitora=\count435
\c@editorb=\count436
\c@savededitorb=\count437
\c@editorc=\count438
\c@savededitorc=\count439
\c@foreword=\count440
\c@savedforeword=\count441
\c@holder=\count442
\c@savedholder=\count443
\c@introduction=\count444
\c@savedintroduction=\count445
\c@namea=\count446
\c@savednamea=\count447
\c@nameb=\count448
\c@savednameb=\count449
\c@namec=\count450
\c@savednamec=\count451
\c@translator=\count452
\c@savedtranslator=\count453
\c@shortauthor=\count454
\c@savedshortauthor=\count455
\c@shorteditor=\count456
\c@savedshorteditor=\count457
\c@labelname=\count458
\c@savedlabelname=\count459
\c@institution=\count460
\c@savedinstitution=\count461
\c@lista=\count462
\c@savedlista=\count463
\c@listb=\count464
\c@savedlistb=\count465
\c@listc=\count466
\c@savedlistc=\count467
\c@listd=\count468
\c@savedlistd=\count469
\c@liste=\count470
\c@savedliste=\count471
\c@listf=\count472
\c@savedlistf=\count473
\c@location=\count474
\c@savedlocation=\count475
\c@organization=\count476
\c@savedorganization=\count477
\c@origlocation=\count478
\c@savedoriglocation=\count479
\c@origpublisher=\count480
\c@savedorigpublisher=\count481
\c@publisher=\count482
\c@savedpublisher=\count483
\c@language=\count484
\c@savedlanguage=\count485
\c@origlanguage=\count486
\c@savedoriglanguage=\count487
\c@pageref=\count488
\c@savedpageref=\count489
\shorthandwidth=\skip123
\shortjournalwidth=\skip124
\shortserieswidth=\skip125
\shorttitlewidth=\skip126
\shortauthorwidth=\skip127
\shorteditorwidth=\skip128
\locallabelnumberwidth=\skip129
\locallabelalphawidth=\skip130
\localshorthandwidth=\skip131
\localshortjournalwidth=\skip132
\localshortserieswidth=\skip133
\localshorttitlewidth=\skip134
\localshortauthorwidth=\skip135
\localshorteditorwidth=\skip136
Package biblatex Info: Trying to load enhanced support for Unicode engines...
Package biblatex Info: ... file 'blx-unicode.def' found.

(C:\Users\Athhar Umar\AppData\Local\Programs\MiKTeX\tex/latex/biblatex\blx-unic
ode.def)
Package biblatex Info: Trying to load compatibility code...
Package biblatex Info: ... file 'blx-compat.def' found.

(C:\Users\Athhar Umar\AppData\Local\Programs\MiKTeX\tex/latex/biblatex\blx-comp
at.def
File: blx-compat.def 2025/07/10 v3.21 biblatex compatibility (PK/MW)
)
Package biblatex Info: Trying to load generic definitions...
Package biblatex Info: ... file 'biblatex.def' found.

(C:\Users\Athhar Umar\AppData\Local\Programs\MiKTeX\tex/latex/biblatex\biblatex
.def
File: biblatex.def 2025/07/10 v3.21 biblatex compatibility (PK/MW)
\c@textcitecount=\count490
\c@textcitetotal=\count491
\c@textcitemaxnames=\count492
\c@biburlbigbreakpenalty=\count493
\c@biburlbreakpenalty=\count494
\c@biburlnumpenalty=\count495
\c@biburlucpenalty=\count496
\c@biburllcpenalty=\count497
\biburlbigskip=\muskip19
\biburlnumskip=\muskip20
\biburlucskip=\muskip21
\biburllcskip=\muskip22
\c@smartand=\count498
)
Package biblatex Info: Trying to load bibliography style 'chicago-authordate'..
.
Package biblatex Info: ... file 'chicago-authordate.bbx' found.

(C:\Users\Athhar Umar\AppData\Local\Programs\MiKTeX\tex/latex/biblatex-chicago\
chicago-authordate.bbx
File: chicago-authordate.bbx 2022/11/17 v 3.18b biblatex bibliography style
\lositemsep=\skip137
Package biblatex Info: Delimiter 'revsdnamedelim' in context '' already defined
, overwriting.
\cms@tempcnta=\count499
\cms@tempcntb=\count500
\c@bbx:relatedcount=\count501
\c@bbx:relatedtotal=\count502
)
Package biblatex Info: Trying to load citation style 'chicago-authordate'...
Package biblatex Info: ... file 'chicago-authordate.cbx' found.

(C:\Users\Athhar Umar\AppData\Local\Programs\MiKTeX\tex/latex/biblatex-chicago\
chicago-authordate.cbx
File: chicago-authordate.cbx 2022/07/02 v 3.18 biblatex citation style
Package biblatex Info: Trying to load citation style 'chicago-dates-common'...
Package biblatex Info: ... file 'chicago-dates-common.cbx' found.

(C:\Users\Athhar Umar\AppData\Local\Programs\MiKTeX\tex/latex/biblatex-chicago\
chicago-dates-common.cbx
File: chicago-dates-common.cbx 2024/04/15 v 3.20 biblatex citation style
Package biblatex Info: Redefining '\cite'.
Package biblatex Info: Redefining '\parencite'.
Package biblatex Info: Redefining '\footcite'.
Package biblatex Info: Redefining '\footcitetext'.
Package biblatex Info: Redefining '\citetitle'.
Package biblatex Info: Redefining '\footfullcite'.
Package biblatex Info: Redefining '\fullcite'.
Package biblatex Info: Redefining '\textcite'.
Package biblatex Info: Redefining '\textcites'.
Package biblatex Info: Redefining '\cites'.
Package biblatex Info: Redefining '\parencites'.
Package biblatex Info: Redefining '\footcites'.
Package biblatex Info: Redefining '\footcitetexts'.
\c@cms@punct=\count503
Package biblatex Info: Delimiter 'dateeradelim' in context '' already defined, 
overwriting.
))
Package biblatex Info: Trying to load configuration file...
Package biblatex Info: ... file 'biblatex.cfg' found.

(C:\Users\Athhar Umar\AppData\Local\Programs\MiKTeX\tex/latex/biblatex\biblatex
.cfg
File: biblatex.cfg 
)
Package biblatex Info: XeTeX detected.
(biblatex)             Assuming input encoding 'utf8'.
Package biblatex Info: Document encoding is UTF8 ....
Package biblatex Info: ... and expl3
(biblatex)             2025-11-06 L3 programming layer (loader) 
(biblatex)             is new enough (at least 2020/04/06),
(biblatex)             setting 'casechanger=expl3'.

(C:\Users\Athhar Umar\AppData\Local\Programs\MiKTeX\tex/latex/biblatex\blx-case
-expl3.sty
Package: blx-case-expl3 2025/07/10 v3.21 expl3 case changing code for biblatex
)))
Package hyperref Info: Option `colorlinks' set `true' on input line 166.
Package csquotes Info: Checking for multilingual support...
Package csquotes Info: ... found 'babel' package.
Package csquotes Info: Adjusting default style.


Package csquotes Warning: No style for language 'indonesian'.
(csquotes)                Using fallback style on input line 208.

Package csquotes Info: Redefining alias 'default' -> 'fallback'.
(ProposalTA.aux
(C:\Users\Athhar Umar\AppData\Local\Programs\MiKTeX\tex/generic/babel/locale/en
\babel-english.tex)
Package babel Info: Importing data for english
(babel)             from babel-en.ini. Reported on input line 36.


LaTeX Warning: Label `gambar:kondisi_as_is' multiply defined.

)
\openout1 = `ProposalTA.aux'.

LaTeX Font Info:    Checking defaults for OML/cmm/m/it on input line 208.
LaTeX Font Info:    ... okay on input line 208.
LaTeX Font Info:    Checking defaults for OMS/cmsy/m/n on input line 208.
LaTeX Font Info:    ... okay on input line 208.
LaTeX Font Info:    Checking defaults for OT1/cmr/m/n on input line 208.
LaTeX Font Info:    ... okay on input line 208.
LaTeX Font Info:    Checking defaults for T1/cmr/m/n on input line 208.
LaTeX Font Info:    ... okay on input line 208.
LaTeX Font Info:    Checking defaults for TS1/cmr/m/n on input line 208.
LaTeX Font Info:    ... okay on input line 208.
LaTeX Font Info:    Checking defaults for TU/lmr/m/n on input line 208.
LaTeX Font Info:    ... okay on input line 208.
LaTeX Font Info:    Checking defaults for OMX/cmex/m/n on input line 208.
LaTeX Font Info:    ... okay on input line 208.
LaTeX Font Info:    Checking defaults for U/cmr/m/n on input line 208.
LaTeX Font Info:    ... okay on input line 208.
LaTeX Font Info:    Checking defaults for PD1/pdf/m/n on input line 208.
LaTeX Font Info:    ... okay on input line 208.
LaTeX Font Info:    Checking defaults for PU/pdf/m/n on input line 208.
LaTeX Font Info:    ... okay on input line 208.

Package fontspec Info: 
(fontspec)             Adjusting the maths setup (use [no-math] to avoid
(fontspec)             this).

\symlegacymaths=\mathgroup6
LaTeX Font Info:    Overwriting symbol font `legacymaths' in version `bold'
(Font)                  OT1/cmr/m/n --> OT1/cmr/bx/n on input line 208.
LaTeX Font Info:    Redeclaring math accent \acute on input line 208.
LaTeX Font Info:    Redeclaring math accent \grave on input line 208.
LaTeX Font Info:    Redeclaring math accent \ddot on input line 208.
LaTeX Font Info:    Redeclaring math accent \tilde on input line 208.
LaTeX Font Info:    Redeclaring math accent \bar on input line 208.
LaTeX Font Info:    Redeclaring math accent \breve on input line 208.
LaTeX Font Info:    Redeclaring math accent \check on input line 208.
LaTeX Font Info:    Redeclaring math accent \hat on input line 208.
LaTeX Font Info:    Redeclaring math accent \dot on input line 208.
LaTeX Font Info:    Redeclaring math accent \mathring on input line 208.
LaTeX Font Info:    Redeclaring math symbol \Gamma on input line 208.
LaTeX Font Info:    Redeclaring math symbol \Delta on input line 208.
LaTeX Font Info:    Redeclaring math symbol \Theta on input line 208.
LaTeX Font Info:    Redeclaring math symbol \Lambda on input line 208.
LaTeX Font Info:    Redeclaring math symbol \Xi on input line 208.
LaTeX Font Info:    Redeclaring math symbol \Pi on input line 208.
LaTeX Font Info:    Redeclaring math symbol \Sigma on input line 208.
LaTeX Font Info:    Redeclaring math symbol \Upsilon on input line 208.
LaTeX Font Info:    Redeclaring math symbol \Phi on input line 208.
LaTeX Font Info:    Redeclaring math symbol \Psi on input line 208.
LaTeX Font Info:    Redeclaring math symbol \Omega on input line 208.
LaTeX Font Info:    Redeclaring math symbol \mathdollar on input line 208.
LaTeX Font Info:    Redeclaring symbol font `operators' on input line 208.
LaTeX Font Info:    Encoding `OT1' has changed to `TU' for symbol font
(Font)              `operators' in the math version `normal' on input line 208.

LaTeX Font Info:    Overwriting symbol font `operators' in version `normal'
(Font)                  OT1/cmr/m/n --> TU/TimesNewRoman(0)/m/n on input line 2
08.
LaTeX Font Info:    Encoding `OT1' has changed to `TU' for symbol font
(Font)              `operators' in the math version `bold' on input line 208.
LaTeX Font Info:    Overwriting symbol font `operators' in version `bold'
(Font)                  OT1/cmr/bx/n --> TU/TimesNewRoman(0)/m/n on input line 
208.
LaTeX Font Info:    Overwriting symbol font `operators' in version `normal'
(Font)                  TU/TimesNewRoman(0)/m/n --> TU/TimesNewRoman(0)/m/n on 
input line 208.
LaTeX Font Info:    Overwriting math alphabet `\mathit' in version `normal'
(Font)                  OT1/cmr/m/it --> TU/TimesNewRoman(0)/m/it on input line
 208.
LaTeX Font Info:    Overwriting math alphabet `\mathbf' in version `normal'
(Font)                  OT1/cmr/bx/n --> TU/TimesNewRoman(0)/b/n on input line 
208.
LaTeX Font Info:    Overwriting math alphabet `\mathsf' in version `normal'
(Font)                  OT1/cmss/m/n --> TU/lmss/m/n on input line 208.
LaTeX Font Info:    Overwriting math alphabet `\mathtt' in version `normal'
(Font)                  OT1/cmtt/m/n --> TU/lmtt/m/n on input line 208.
LaTeX Font Info:    Overwriting symbol font `operators' in version `bold'
(Font)                  TU/TimesNewRoman(0)/m/n --> TU/TimesNewRoman(0)/b/n on 
input line 208.
LaTeX Font Info:    Overwriting math alphabet `\mathit' in version `bold'
(Font)                  OT1/cmr/bx/it --> TU/TimesNewRoman(0)/b/it on input lin
e 208.
LaTeX Font Info:    Overwriting math alphabet `\mathsf' in version `bold'
(Font)                  OT1/cmss/bx/n --> TU/lmss/b/n on input line 208.
LaTeX Font Info:    Overwriting math alphabet `\mathtt' in version `bold'
(Font)                  OT1/cmtt/m/n --> TU/lmtt/b/n on input line 208.

*geometry* driver: auto-detecting
*geometry* detected driver: xetex
*geometry* verbose mode - [ preamble ] result:
* driver: xetex
* paper: a4paper
* layout: <same size as paper>
* layoutoffset:(h,v)=(0.0pt,0.0pt)
* modes: 
* h-part:(L,W,R)=(113.81102pt, 398.3386pt, 85.35826pt)
* v-part:(T,H,B)=(85.35826pt, 674.33032pt, 85.35826pt)
* \paperwidth=597.50787pt
* \paperheight=845.04684pt
* \textwidth=398.3386pt
* \textheight=674.33032pt
* \oddsidemargin=41.54103pt
* \evensidemargin=41.54103pt
* \topmargin=-18.78552pt
* \headheight=12.0pt
* \headsep=19.8738pt
* \topskip=12.0pt
* \footskip=30.0pt
* \marginparwidth=38.0pt
* \marginparsep=7.0pt
* \columnsep=10.0pt
* \skip\footins=10.8pt plus 4.0pt minus 2.0pt
* \hoffset=0.0pt
* \voffset=0.0pt
* \mag=1000
* \@twocolumnfalse
* \@twosidefalse
* \@mparswitchfalse
* \@reversemarginfalse
* (1in=72.27pt=25.4mm, 1cm=28.453pt)

Package caption Info: Begin \AtBeginDocument code.
Package caption Info: float package is loaded.
Package caption Info: floatrow package is loaded.
Package caption Info: floatrow package is loaded.
Package caption Info: hyperref package is loaded.
Package caption Info: listings package is loaded.
Package caption Info: longtable package is loaded.

(C:\Users\Athhar Umar\AppData\Local\Programs\MiKTeX\tex/latex/caption\ltcaption
.sty
Package: ltcaption 2021/01/08 v1.4c longtable captions (AR)
)
Package caption Info: Fixing longtable code of `floatrow' package.
Package caption Info: End \AtBeginDocument code.

(C:\Users\Athhar Umar\AppData\Local\Programs\MiKTeX\tex/latex/graphics\color.st
y
Package: color 2025/01/14 v1.3e Standard LaTeX Color (DPC)

(C:\Users\Athhar Umar\AppData\Local\Programs\MiKTeX\tex/latex/graphics-cfg\colo
r.cfg
File: color.cfg 2016/01/02 v1.6 sample color configuration
)
Package color Info: Driver file: xetex.def on input line 149.

(C:\Users\Athhar Umar\AppData\Local\Programs\MiKTeX\tex/latex/graphics\mathcolo
r.ltx))
Package hyperref Info: Link coloring ON on input line 208.
 (ProposalTA.out) (ProposalTA.out)
\@outlinefile=\write4
\openout4 = `ProposalTA.out'.


(C:\Users\Athhar Umar\AppData\Local\Programs\MiKTeX\tex/latex/floatrow\fr-longt
able.sty
Package: fr-longtable 2007/11/28 v0.1b (beta) floatrow: additions for longtable

\flrow@LT@lasthead=\box73
\flrow@LT@prelastfoot=\box74
\c@FBLTpage=\count504
)
\c@lstlisting=\count505
Package microtype Info: Patching varwidth to enable character protrusion.
\MT@vwid@leftmargin=\dimen291
\MT@vwid@rightmargin=\dimen292
LaTeX Info: Redefining \microtypecontext on input line 208.
Package microtype Info: Applying patch `item' on input line 208.
Package microtype Info: Applying patch `toc' on input line 208.
Package microtype Info: Applying patch `eqnum' on input line 208.
Package microtype Info: Applying patch `footnote' on input line 208.
Package microtype Info: Applying patch `verbatim' on input line 208.
LaTeX Info: Redefining \microtypesetup on input line 208.
Package microtype Info: Character protrusion enabled (level 2).
Package microtype Info: Using default protrusion set `alltext'.
Package microtype Info: No adjustment of tracking.
Package microtype Info: No adjustment of spacing.
Package microtype Info: No adjustment of kerning.
Package microtype Info: Loading generic protrusion settings for font family
(microtype)             `TimesNewRoman' (encoding: TU).
(microtype)             For optimal results, create family-specific settings.
(microtype)             See the microtype manual for details.
Package biblatex Info: Trying to load language 'indonesian'...
Package biblatex Info: ... file 'indonesian.lbx' not found.


Package biblatex Warning: Language 'indonesian' not supported.
(biblatex)                Using dummy definitions on input line 208.

Package biblatex Info: Trying to load language 'english'...
Package biblatex Info: ... file 'english.lbx' found.

(C:\Users\Athhar Umar\AppData\Local\Programs\MiKTeX\tex/latex/biblatex/lbx\engl
ish.lbx
File: english.lbx 2025/07/10 v3.21 biblatex localization (PK/MW)
)
Package biblatex Info: XeTeX detected.
(biblatex)             Assuming input encoding 'utf8'.
Package biblatex Info: Automatic encoding selection.
(biblatex)             Assuming data encoding 'utf8'.
\openout3 = `ProposalTA.bcf'.

Package biblatex Info: Trying to load bibliographic data...
Package biblatex Info: ... file 'ProposalTA.bbl' found.
 (ProposalTA.bbl)
Package biblatex Info: Reference section=0 on input line 208.
Package biblatex Info: Reference segment=0 on input line 208.
File: image/ganesha.jpg Graphic file (type bmp)
<image/ganesha.jpg>


Package datetime2 Warning: Region `bahasai' has ignored 
(datetime2)                the following settings:
(datetime2)                showmonthname=true
 on input line 250.

[1


] [1] (ProposalTA.toc
LaTeX Font Info:    Trying to load font information for U+msa on input line 2.

(C:\Users\Athhar Umar\AppData\Local\Programs\MiKTeX\tex/latex/amsfonts\umsa.fd
File: umsa.fd 2013/01/14 v3.01 AMS symbols A
)
(C:\Users\Athhar Umar\AppData\Local\Programs\MiKTeX\tex/latex/microtype\mt-msa.
cfg
File: mt-msa.cfg 2006/02/04 v1.1 microtype config. file: AMS symbols (a) (RS)
)
LaTeX Font Info:    Trying to load font information for U+msb on input line 2.

(C:\Users\Athhar Umar\AppData\Local\Programs\MiKTeX\tex/latex/amsfonts\umsb.fd
File: umsb.fd 2013/01/14 v3.01 AMS symbols B
)
(C:\Users\Athhar Umar\AppData\Local\Programs\MiKTeX\tex/latex/microtype\mt-msb.
cfg
File: mt-msb.cfg 2005/06/01 v1.0 microtype config. file: AMS symbols (b) (RS)
)
(C:\Users\Athhar Umar\AppData\Local\Programs\MiKTeX\tex/latex/microtype\mt-cmr.
cfg
File: mt-cmr.cfg 2013/05/19 v2.2 microtype config. file: Computer Modern Roman 
(RS)
) [2

] [3])
\tf@toc=\write5
\openout5 = `ProposalTA.toc'.

 [4] (ProposalTA.lof)
\tf@lof=\write6
\openout6 = `ProposalTA.lof'.

 [5] (ProposalTA.lot)
\tf@lot=\write7
\openout7 = `ProposalTA.lot'.

 [6]
(Bab I - Pendahuluan.tex
Bab I.
[1


] [2] [3] [4]) (Bab II - Studi-Literatur.tex [5]
Bab II.

Package biblatex-chicago Warning: Empty Ibidem citation on input line 10.


Package biblatex-chicago Warning: Empty Ibidem citation on input line 15.

[6

]

Package biblatex-chicago Warning: Empty Ibidem citation on input line 20.

[7]

Package biblatex-chicago Warning: Empty Ibidem citation on input line 36.

[8]

Package biblatex-chicago Warning: Empty Ibidem citation on input line 41.


Package biblatex-chicago Warning: Empty Ibidem citation on input line 46.

[9] [10] [11] [12] [13] [14] [15] [16] [17] [18] [19] [20] [21] [22] [23]
[24] [25] [26] [27] [28] [29] [30]) (Bab III - Analisis-Masalah.tex [31]
Bab III.
[32

]
File: image/gambar3_1.png Graphic file (type bmp)
<image/gambar3_1.png>
 [33] [34] [35]
Underfull \hbox (badness 1383) in paragraph at lines 129--129
[]|\TU/TimesNewRoman(0)/m/n/12 Pengguna (khususnya peneliti) dapat
 []

[36] [37]
Underfull \hbox (badness 10000) in paragraph at lines 155--155
[]|\TU/TimesNewRoman(0)/b/n/12 Kebutuhan Non-
 []


Overfull \hbox (20.0343pt too wide) in alignment at lines 152--157
 [] [] [] 
 []


Underfull \hbox (badness 10000) in paragraph at lines 161--161
[]|\TU/TimesNewRoman(0)/b/n/12 Kebutuhan Non-
 []


Overfull \hbox (20.0343pt too wide) in alignment at lines 157--163
 [] [] [] 
 []


Overfull \hbox (20.0343pt too wide) in alignment at lines 163--167
 [] [] [] 
 []


Overfull \hbox (20.0343pt too wide) in alignment at lines 167--170
 [] [] [] 
 []


Underfull \hbox (badness 6944) in paragraph at lines 178--178
[]|\TU/TimesNewRoman(0)/m/n/12 Skalabilitas (\TU/TimesNewRoman(0)/m/it/12 Scala
bili-
 []


Underfull \hbox (badness 6141) in paragraph at lines 181--181
[]|\TU/TimesNewRoman(0)/m/n/12 Integritas Data (\TU/TimesNewRoman(0)/m/it/12 Da
ta
 []


Underfull \hbox (badness 10000) in paragraph at lines 184--184
[]|\TU/TimesNewRoman(0)/m/n/12 Ketahanan (\TU/TimesNewRoman(0)/m/it/12 Robust-
 []


Underfull \hbox (badness 10000) in paragraph at lines 187--187
[]|\TU/TimesNewRoman(0)/m/n/12 Kompatibilitas (\TU/TimesNewRoman(0)/m/it/12 Com
-
 []


Overfull \hbox (20.0343pt too wide) in alignment at lines 170--189
 [] [] [] 
 []

Bab III - Analisis-Masalah.tex:189: ignored error: Infinite glue shrinkage foun
d in box being split [38] [39]
File: image/AHP.png Graphic file (type bmp)
<image/AHP.png>
 [40]) (Bab IV - Desain-Konsep-Solusi.tex
[41]
Bab IV.
File: image/gambar3_1.png Graphic file (type bmp)
<image/gambar3_1.png>
[42

]
File: image/Kondisi LAT.drawio.png Graphic file (type bmp)
<image/Kondisi LAT.drawio.png>
 [43] [44]
Underfull \hbox (badness 10000) in paragraph at lines 51--51
[]|\TU/TimesNewRoman(0)/b/n/10.95 Aspek Perban-
 []


Underfull \hbox (badness 6078) in paragraph at lines 51--52
[]|\TU/TimesNewRoman(0)/b/n/10.95 Sistem Usulan \TU/TimesNewRoman(0)/b/it/10.95
 Legislative Activity
 []


Underfull \hbox (badness 10000) in paragraph at lines 53--54
[]|\TU/TimesNewRoman(0)/m/n/10.95 Terpusat (\TU/TimesNewRoman(0)/m/it/10.95 Cen
tralized\TU/TimesNewRoman(0)/m/n/10.95 ); pengguna
 []


Underfull \hbox (badness 10000) in paragraph at lines 55--55
[]|\TU/TimesNewRoman(0)/m/n/10.95 Metode Pengolah-
 []


Underfull \hbox (badness 1365) in paragraph at lines 55--56
[]|\TU/TimesNewRoman(0)/m/n/10.95 Otomatis; sistem menggunakan \TU/TimesNewRoma
n(0)/m/it/10.95 Web
 []


Underfull \hbox (badness 1142) in paragraph at lines 57--57
[]|\TU/TimesNewRoman(0)/m/n/10.95 Dokumen naratif mentah (\TU/TimesNewRoman(0)/
m/it/10.95 Unstructu-
 []

[45]
File: image/Diagram_Konseptual.png Graphic file (type bmp)
<image/Diagram_Konseptual.png>
 [46] [47]
Underfull \hbox (badness 2368) in paragraph at lines 90--91
\TU/TimesNewRoman(0)/m/n/12 tifikasi tindakan spesifik (misalnya: menyampaikan
 pandangan,
 []

[48]) (Bab V - Rencana-Selanjutnya.tex [49]
Bab V.
Package microtype Info: Loading generic protrusion settings for font family
(microtype)             `lmtt' (encoding: TU).
(microtype)             For optimal results, create family-specific settings.
(microtype)             See the microtype manual for details.
[50

]
Underfull \hbox (badness 3302) in paragraph at lines 71--72
[]|\TU/TimesNewRoman(0)/m/n/12 Membangun \TU/TimesNewRoman(0)/m/it/12 RESTful A
PI \TU/TimesNewRoman(0)/m/n/12 untuk
 []


Underfull \hbox (badness 1142) in paragraph at lines 73--74
[]|\TU/TimesNewRoman(0)/m/n/12 Membangun antarmuka pengguna
 []


Underfull \hbox (badness 2376) in paragraph at lines 75--76
\TU/TimesNewRoman(0)/m/it/12 Log\TU/TimesNewRoman(0)/m/n/12 , Profil, Janji) de
ngan relasi
 []


Underfull \hbox (badness 1502) in paragraph at lines 77--78
[]|\TU/TimesNewRoman(0)/m/n/12 Kerangka kerja untuk melakukan
 []


Underfull \hbox (badness 1281) in paragraph at lines 79--79
[]|\TU/TimesNewRoman(0)/m/n/12 HuggingFace Transfor-
 []


Underfull \hbox (badness 5203) in paragraph at lines 79--79
\TU/TimesNewRoman(0)/m/n/12 mers, PyTorch, Indo-
 []


Underfull \hbox (badness 4846) in paragraph at lines 81--82
[]|\TU/TimesNewRoman(0)/m/n/12 Mengekstrak teks dari dokumen
 []


Underfull \hbox (badness 10000) in paragraph at lines 83--83
[]|\TU/TimesNewRoman(0)/m/n/12 Lingkungan Pengem-
 []


LaTeX Warning: `h' float specifier changed to `ht'.

[51] [52]
Underfull \hbox (badness 3930) in paragraph at lines 140--141
\TU/TimesNewRoman(0)/m/n/12 aktivitas yang valid secara
 []


Underfull \hbox (badness 2326) in paragraph at lines 144--145
\OT1/cmr/m/n/12 80[]$ \TU/TimesNewRoman(0)/m/n/12 dokumen publik yang
 []

[53]
Underfull \hbox (badness 10000) in paragraph at lines 168--168
[]|\TU/TimesNewRoman(0)/m/n/12 Perubahan struktur HTML
 []


Underfull \hbox (badness 10000) in paragraph at lines 168--168
\TU/TimesNewRoman(0)/m/n/12 pada situs sumber data
 []


Underfull \hbox (badness 2351) in paragraph at lines 168--169
[]|\TU/TimesNewRoman(0)/m/n/12 Kegagalan modul \TU/TimesNewRoman(0)/m/it/12 cra
wler \TU/TimesNewRoman(0)/m/n/12 dalam
 []


Underfull \hbox (badness 10000) in paragraph at lines 170--170
[]|\TU/TimesNewRoman(0)/m/n/12 Kualitas dokumen sumber
 []


Underfull \hbox (badness 2158) in paragraph at lines 170--170
\TU/TimesNewRoman(0)/m/n/12 pindai miring, buram, atau
 []


Underfull \hbox (badness 2096) in paragraph at lines 174--175
[]|\TU/TimesNewRoman(0)/m/n/12 Kesulitan modul semantik dalam
 []


Underfull \hbox (badness 10000) in paragraph at lines 176--176
[]|\TU/TimesNewRoman(0)/m/n/12 Keterbatasan sumber daya
 []


Underfull \hbox (badness 10000) in paragraph at lines 176--176
\TU/TimesNewRoman(0)/m/n/12 komputasi (GPU/RAM)
 []


Underfull \hbox (badness 10000) in paragraph at lines 176--176
\TU/TimesNewRoman(0)/m/n/12 untuk menjalankan model
 []

[54]
Underfull \hbox (badness 5924) in paragraph at lines 202--203
[]|\TU/TimesNewRoman(0)/m/n/12 Menggunakan model \TU/TimesNewRoman(0)/m/it/12 S
entence Transformer
 []


Underfull \hbox (badness 10000) in paragraph at lines 204--204
[]|\TU/TimesNewRoman(0)/m/n/12 Keterbatasan sumber daya
 []

) [55] [56


] [57] [58]
Underfull \hbox (badness 1939) in paragraph at lines 408--408
[][]\TU/TimesNewRoman(0)/m/n/12 Kumar, Anoop, Surendra Kushwaha, Dipendra Pande
y, dkk. 2023.   Analyti-
 []


Underfull \hbox (badness 1107) in paragraph at lines 408--408
\TU/TimesNewRoman(0)/m/n/12 cal Hierarchy Process for Sustainable Agriculture: 
An Overview. \TU/TimesNewRoman(0)/m/it/12 Meth-
 []

[59]
Underfull \hbox (badness 1418) in paragraph at lines 408--408
[][]\TU/TimesNewRoman(0)/m/n/12 Library of Congress. No date.   Congress.gov.
 Portal resmi legislasi federal
 []

[60]
Underfull \hbox (badness 1314) in paragraph at lines 408--408
[][]\TU/TimesNewRoman(0)/m/n/12 Wang, Fang, dkk. 2023.   Paths to Open Governm
ent Data Reuse: A Three-
 []

[61] (Lampiran_FR.tex [62]
Underfull \hbox (badness 2253) in paragraph at lines 23--25
[]|\TU/TimesNewRoman(0)/b/n/12 Tujuan: \TU/TimesNewRoman(0)/m/n/12 Mengumpulkan
 data mentah
 []


Underfull \hbox (badness 10000) in paragraph at lines 28--29
[]\TU/TimesNewRoman(0)/m/n/12 Daftar URL target (dpr.go.id, ber-
 []


Underfull \hbox (badness 2452) in paragraph at lines 45--45
[]|\TU/TimesNewRoman(0)/m/n/12 Sistem mampu mengeks-
 []


Underfull \hbox (badness 10000) in paragraph at lines 45--45
\TU/TimesNewRoman(0)/m/n/12 trak struktur peristiwa
 []


Underfull \hbox (badness 10000) in paragraph at lines 45--45
\TU/TimesNewRoman(0)/m/n/12 tidak terstruktur meng-
 []


Underfull \hbox (badness 1881) in paragraph at lines 46--48
[]|\TU/TimesNewRoman(0)/b/n/12 Tujuan: \TU/TimesNewRoman(0)/m/n/12 Mengubah tek
s naratif (risa-
 []


Underfull \hbox (badness 1184) in paragraph at lines 52--53
[]\TU/TimesNewRoman(0)/m/n/12 Model NER (\TU/TimesNewRoman(0)/m/it/12 Named Ent
ity Recogni-
 []


Underfull \hbox (badness 2726) in paragraph at lines 57--58
[]\TU/TimesNewRoman(0)/m/n/12 Sistem melakukan \TU/TimesNewRoman(0)/m/it/12 par
sing \TU/TimesNewRoman(0)/m/n/12 teks dan
 []


Underfull \hbox (badness 7722) in paragraph at lines 58--59
[]\TU/TimesNewRoman(0)/m/n/12 Sistem mengenali entitas (Anggota,
 []


Underfull \hbox (badness 10000) in paragraph at lines 68--68
[]|\TU/TimesNewRoman(0)/m/n/12 Sistem mampu meng-
 []


Underfull \hbox (badness 10000) in paragraph at lines 68--68
\TU/TimesNewRoman(0)/m/n/12 hitung dan menautkan
 []


Underfull \hbox (badness 10000) in paragraph at lines 90--90
[]|\TU/TimesNewRoman(0)/m/n/12 Sistem mampu me-
 []


Underfull \hbox (badness 10000) in paragraph at lines 90--90
\TU/TimesNewRoman(0)/m/n/12 nampilkan \TU/TimesNewRoman(0)/m/it/12 dashboard
 []


Underfull \hbox (badness 4595) in paragraph at lines 90--90
\TU/TimesNewRoman(0)/m/n/12 pencarian profil anggota
 []


Underfull \hbox (badness 4582) in paragraph at lines 90--90
\TU/TimesNewRoman(0)/m/n/12 dan riwayat aktivitasnya
 []


Underfull \hbox (badness 1189) in paragraph at lines 96--97
[]\TU/TimesNewRoman(0)/m/n/12 Kata kunci pencarian (Nama Anggo-
 []


Underfull \hbox (badness 1484) in paragraph at lines 112--112
[]|\TU/TimesNewRoman(0)/m/n/12 Sistem mampu memvisu-
 []


Underfull \hbox (badness 10000) in paragraph at lines 112--112
\TU/TimesNewRoman(0)/m/n/12 alisasikan perbandingan
 []


Underfull \hbox (badness 10000) in paragraph at lines 112--112
\TU/TimesNewRoman(0)/m/n/12 komparatif (\TU/TimesNewRoman(0)/m/it/12 side-by-si
de\TU/TimesNewRoman(0)/m/n/12 )
 []


Underfull \hbox (badness 1603) in paragraph at lines 125--126
[]\TU/TimesNewRoman(0)/m/n/12 Sistem menyandingkan keduanya da-
 []

Lampiran_FR.tex:133: ignored error: Infinite glue shrinkage found in box being 
split [63

]
Lampiran_FR.tex:133: ignored error: Infinite glue shrinkage found in box being 
split [64]) (Lampiran_solusi.tex [65]
Overfull \hbox (11.99265pt too wide) in alignment at lines 2--7
 [] [] [] 
 []


Overfull \hbox (11.99265pt too wide) in alignment at lines 7--13
 [] [] [] 
 []


Overfull \hbox (11.99265pt too wide) in alignment at lines 13--17
 [] [] [] 
 []


Overfull \hbox (11.99265pt too wide) in alignment at lines 17--20
 [] [] [] 
 []


Underfull \hbox (badness 5787) in paragraph at lines 23--24
[]|\TU/TimesNewRoman(0)/b/n/12 Pengembangan Portal Di-
 []


Underfull \hbox (badness 1314) in paragraph at lines 25--25
[]\TU/TimesNewRoman(0)/m/n/12 Membangun basis data pro-
 []


Underfull \hbox (badness 2582) in paragraph at lines 25--25
\TU/TimesNewRoman(0)/m/n/12 diinput secara manual oleh
 []


Underfull \hbox (badness 1596) in paragraph at lines 32--33
[]\TU/TimesNewRoman(0)/m/n/12 Gagal mengatasi M-01 (fragmentasi
 []


Underfull \hbox (badness 1005) in paragraph at lines 36--37
[]|\TU/TimesNewRoman(0)/b/n/12 Sistem Temu Kembali Do-
 []


Underfull \hbox (badness 10000) in paragraph at lines 36--37
\TU/TimesNewRoman(0)/b/n/12 kumen Terpusat (\TU/TimesNewRoman(0)/b/it/12 IR-onl
y
 []


Underfull \hbox (badness 5817) in paragraph at lines 38--38
[]\TU/TimesNewRoman(0)/m/n/12 Membangun mesin pencari
 []


Underfull \hbox (badness 2426) in paragraph at lines 45--46
\TU/TimesNewRoman(0)/m/it/12 tput \TU/TimesNewRoman(0)/m/n/12 sistem masih beru
pa dokumen
 []


Underfull \hbox (badness 2213) in paragraph at lines 51--51
[]\TU/TimesNewRoman(0)/m/n/12 Fokus hanya pada pengem-
 []


Underfull \hbox (badness 10000) in paragraph at lines 51--51
\TU/TimesNewRoman(0)/m/n/12 bangan algoritma NLP/IE
 []


Underfull \hbox (badness 10000) in paragraph at lines 51--51
\TU/TimesNewRoman(0)/m/n/12 kumpulan dokumen yang
 []


Underfull \hbox (badness 1874) in paragraph at lines 51--51
\TU/TimesNewRoman(0)/m/n/12 sudah diunduh secara lokal
 []


Underfull \hbox (badness 10000) in paragraph at lines 51--51
\TU/TimesNewRoman(0)/m/it/12 crawling \TU/TimesNewRoman(0)/m/n/12 atau pembarua
n
 []


Underfull \hbox (badness 10000) in paragraph at lines 66--66
[]\TU/TimesNewRoman(0)/m/n/12 Mengintegrasikan modul
 []


Underfull \hbox (badness 10000) in paragraph at lines 66--66
\TU/TimesNewRoman(0)/m/n/12 akuisisi dan manajemen
 []


Underfull \hbox (badness 10000) in paragraph at lines 66--66
\TU/TimesNewRoman(0)/m/n/12 korpus otomatis) dengan
 []


Underfull \hbox (badness 10000) in paragraph at lines 66--66
\TU/TimesNewRoman(0)/m/n/12 modul \TU/TimesNewRoman(0)/m/it/12 Information Extr
a-
 []


Underfull \hbox (badness 6758) in paragraph at lines 66--66
\TU/TimesNewRoman(0)/m/it/12 ction \TU/TimesNewRoman(0)/m/n/12 (untuk \TU/Times
NewRoman(0)/m/it/12 parsing \TU/TimesNewRoman(0)/m/n/12 NLP
 []


Underfull \hbox (badness 1642) in paragraph at lines 66--66
\TU/TimesNewRoman(0)/m/n/12 dilengkapi lapisan \TU/TimesNewRoman(0)/m/it/12 Sem
antic
 []


Underfull \hbox (badness 10000) in paragraph at lines 66--66
\TU/TimesNewRoman(0)/m/n/12 an aktivitas dengan janji
 []


Overfull \hbox (11.99265pt too wide) in alignment at lines 20--78
 [] [] [] 
 []

Lampiran_solusi.tex:78: ignored error: Infinite glue shrinkage found in box bei
ng split [66

]) (Lampiran_ahp.tex [67] [68

])

Package caption Warning: Unused \captionsetup[lstlisting] on input line 388.
See the caption package documentation for explanation.

[69] (ProposalTA.aux)
 ***********
LaTeX2e <2025-11-01>
L3 programming layer <2025-11-06>
 ***********


LaTeX Warning: There were multiply-defined labels.

Package rerunfilecheck Info: File `ProposalTA.out' has not changed.
(rerunfilecheck)             Checksum: 4072CA8155EFA1865971A2715ABC03E7;16191.
Package logreq Info: Writing requests to 'ProposalTA.run.xml'.
\openout1 = `ProposalTA.run.xml'.

 ) 
Here is how much of TeX's memory you used:
 34514 strings out of 402987
 677834 string characters out of 5447281
 2088266 words of memory out of 5000000
 62840 multiletter control sequences out of 15000+600000
 634506 words of font info for 94 fonts, out of 8000000 for 9000
 1348 hyphenation exceptions out of 8191
 73i,12n,93p,1377b,6815s stack positions out of 10000i,1000n,20000p,200000b,200000s

Output written on ProposalTA.pdf (76 pages).
